D:\Hobby\indie2dEngine\indieEngine.win32\indieEngine\indieEngine\Debug\CAABoundBox.obj
D:\Hobby\indie2dEngine\indieEngine.win32\indieEngine\indieEngine\Debug\CAnimationMixer.obj
D:\Hobby\indie2dEngine\indieEngine.win32\indieEngine\indieEngine\Debug\CBatch.obj
D:\Hobby\indie2dEngine\indieEngine.win32\indieEngine\indieEngine\Debug\CBatchingMgr.obj
D:\Hobby\indie2dEngine\indieEngine.win32\indieEngine\indieEngine\Debug\CBillboard.obj
D:\Hobby\indie2dEngine\indieEngine.win32\indieEngine\indieEngine\Debug\CBone.obj
D:\Hobby\indie2dEngine\indieEngine.win32\indieEngine\indieEngine\Debug\CCamera.obj
D:\Hobby\indie2dEngine\indieEngine.win32\indieEngine\indieEngine\Debug\CCharacterController.obj
D:\Hobby\indie2dEngine\indieEngine.win32\indieEngine\indieEngine\Debug\CCollisionMgr.obj
D:\Hobby\indie2dEngine\indieEngine.win32\indieEngine\indieEngine\Debug\CCommonOS_win32.obj
D:\Hobby\indie2dEngine\indieEngine.win32\indieEngine\indieEngine\Debug\CFPSCounter.obj
D:\Hobby\indie2dEngine\indieEngine.win32\indieEngine\indieEngine\Debug\CFrustum.obj
D:\Hobby\indie2dEngine\indieEngine.win32\indieEngine\indieEngine\Debug\CGameLoopExecutor_Win32.obj
D:\Hobby\indie2dEngine\indieEngine.win32\indieEngine\indieEngine\Debug\CGameTransitionTemplateLoader.obj
D:\Hobby\indie2dEngine\indieEngine.win32\indieEngine\indieEngine\Debug\CGameTransitionTemplateLoadingOperation.obj
D:\Hobby\indie2dEngine\indieEngine.win32\indieEngine\indieEngine\Debug\CGameTransitionTemplateSerializer.obj
D:\Hobby\indie2dEngine\indieEngine.win32\indieEngine\indieEngine\Debug\CGameViewController_win32.obj
D:\Hobby\indie2dEngine\indieEngine.win32\indieEngine\indieEngine\Debug\CGraphicsContext_win32.obj
D:\Hobby\indie2dEngine\indieEngine.win32\indieEngine\indieEngine\Debug\CIndexBuffer.obj
D:\Hobby\indie2dEngine\indieEngine.win32\indieEngine\indieEngine\Debug\CInputContext_Win32.obj
D:\Hobby\indie2dEngine\indieEngine.win32\indieEngine\indieEngine\Debug\CKOTHInGameScene.obj
D:\Hobby\indie2dEngine\indieEngine.win32\indieEngine\indieEngine\Debug\CKOTHInGameTransition.obj
D:\Hobby\indie2dEngine\indieEngine.win32\indieEngine\indieEngine\Debug\CKOTHWorkflow.obj
D:\Hobby\indie2dEngine\indieEngine.win32\indieEngine\indieEngine\Debug\CLight.obj
D:\Hobby\indie2dEngine\indieEngine.win32\indieEngine\indieEngine\Debug\CMaterial.obj
D:\Hobby\indie2dEngine\indieEngine.win32\indieEngine\indieEngine\Debug\CMaterialTemplateLoadingOperation.obj
D:\Hobby\indie2dEngine\indieEngine.win32\indieEngine\indieEngine\Debug\CMaterialTemplateSerializer.obj
D:\Hobby\indie2dEngine\indieEngine.win32\indieEngine\indieEngine\Debug\CMesh.obj
D:\Hobby\indie2dEngine\indieEngine.win32\indieEngine\indieEngine\Debug\CMeshCommiter_MDL.obj
D:\Hobby\indie2dEngine\indieEngine.win32\indieEngine\indieEngine\Debug\CMeshLoader.obj
D:\Hobby\indie2dEngine\indieEngine.win32\indieEngine\indieEngine\Debug\CMeshLoadingOperation.obj
D:\Hobby\indie2dEngine\indieEngine.win32\indieEngine\indieEngine\Debug\CMeshSerializer_MDL.obj
D:\Hobby\indie2dEngine\indieEngine.win32\indieEngine\indieEngine\Debug\CModel.obj
D:\Hobby\indie2dEngine\indieEngine.win32\indieEngine\indieEngine\Debug\CModelTemplateLoader.obj
D:\Hobby\indie2dEngine\indieEngine.win32\indieEngine\indieEngine\Debug\CModelTemplateLoadingOperation.obj
D:\Hobby\indie2dEngine\indieEngine.win32\indieEngine\indieEngine\Debug\CModelTemplateSerializer.obj
D:\Hobby\indie2dEngine\indieEngine.win32\indieEngine\indieEngine\Debug\CNavigator.obj
D:\Hobby\indie2dEngine\indieEngine.win32\indieEngine\indieEngine\Debug\COcean.obj
D:\Hobby\indie2dEngine\indieEngine.win32\indieEngine\indieEngine\Debug\COceanTemplateLoader.obj
D:\Hobby\indie2dEngine\indieEngine.win32\indieEngine\indieEngine\Debug\COceanTemplateLoadingOperation.obj
D:\Hobby\indie2dEngine\indieEngine.win32\indieEngine\indieEngine\Debug\COceanTemplateSerializer.obj
D:\Hobby\indie2dEngine\indieEngine.win32\indieEngine\indieEngine\Debug\COGLWindow_win32.obj
D:\Hobby\indie2dEngine\indieEngine.win32\indieEngine\indieEngine\Debug\COutputRenderOperationTemplateLoadingOperation.obj
D:\Hobby\indie2dEngine\indieEngine.win32\indieEngine\indieEngine\Debug\COutputRenderOperationTemplateSerializer.obj
D:\Hobby\indie2dEngine\indieEngine.win32\indieEngine\indieEngine\Debug\CParticleEmitter.obj
D:\Hobby\indie2dEngine\indieEngine.win32\indieEngine\indieEngine\Debug\CParticleEmitterLoadingOperation.obj
D:\Hobby\indie2dEngine\indieEngine.win32\indieEngine\indieEngine\Debug\CParticleEmitterTemplateLoader.obj
D:\Hobby\indie2dEngine\indieEngine.win32\indieEngine\indieEngine\Debug\CParticleEmitterTemplateSerializer.obj
D:\Hobby\indie2dEngine\indieEngine.win32\indieEngine\indieEngine\Debug\CRenderMgr.obj
D:\Hobby\indie2dEngine\indieEngine.win32\indieEngine\indieEngine\Debug\CRenderOperationOutput.obj
D:\Hobby\indie2dEngine\indieEngine.win32\indieEngine\indieEngine\Debug\CRenderOperationScreenSpace.obj
D:\Hobby\indie2dEngine\indieEngine.win32\indieEngine\indieEngine\Debug\CRenderOperationWorldSpace.obj
D:\Hobby\indie2dEngine\indieEngine.win32\indieEngine\indieEngine\Debug\CResourceAccessor.obj
D:\Hobby\indie2dEngine\indieEngine.win32\indieEngine\indieEngine\Debug\CSceneFabricator.obj
D:\Hobby\indie2dEngine\indieEngine.win32\indieEngine\indieEngine\Debug\CSceneGraph.obj
D:\Hobby\indie2dEngine\indieEngine.win32\indieEngine\indieEngine\Debug\CSceneUpdateMgr.obj
D:\Hobby\indie2dEngine\indieEngine.win32\indieEngine\indieEngine\Debug\CScreenSpaceRenderOperationTemplateLoadingOperation.obj
D:\Hobby\indie2dEngine\indieEngine.win32\indieEngine\indieEngine\Debug\CScreenSpaceRenderOperationTemplateSerializer.obj
D:\Hobby\indie2dEngine\indieEngine.win32\indieEngine\indieEngine\Debug\CSequence.obj
D:\Hobby\indie2dEngine\indieEngine.win32\indieEngine\indieEngine\Debug\CSequenceCommiter_SEQ.obj
D:\Hobby\indie2dEngine\indieEngine.win32\indieEngine\indieEngine\Debug\CSequenceLoader.obj
D:\Hobby\indie2dEngine\indieEngine.win32\indieEngine\indieEngine\Debug\CSequenceLoadingOperation.obj
D:\Hobby\indie2dEngine\indieEngine.win32\indieEngine\indieEngine\Debug\CSequenceSerializer_SEQ.obj
D:\Hobby\indie2dEngine\indieEngine.win32\indieEngine\indieEngine\Debug\CShader.obj
D:\Hobby\indie2dEngine\indieEngine.win32\indieEngine\indieEngine\Debug\CShaderCommiter_GLSL.obj
D:\Hobby\indie2dEngine\indieEngine.win32\indieEngine\indieEngine\Debug\CShaderLoader.obj
D:\Hobby\indie2dEngine\indieEngine.win32\indieEngine\indieEngine\Debug\CShaderLoadingOperation.obj
D:\Hobby\indie2dEngine\indieEngine.win32\indieEngine\indieEngine\Debug\CShaderSerializer_GLSL.obj
D:\Hobby\indie2dEngine\indieEngine.win32\indieEngine\indieEngine\Debug\CShape.obj
D:\Hobby\indie2dEngine\indieEngine.win32\indieEngine\indieEngine\Debug\CSkeleton.obj
D:\Hobby\indie2dEngine\indieEngine.win32\indieEngine\indieEngine\Debug\CSkeletonCommiter_SK.obj
D:\Hobby\indie2dEngine\indieEngine.win32\indieEngine\indieEngine\Debug\CSkeletonLoader.obj
D:\Hobby\indie2dEngine\indieEngine.win32\indieEngine\indieEngine\Debug\CSkeletonLoadingOperation.obj
D:\Hobby\indie2dEngine\indieEngine.win32\indieEngine\indieEngine\Debug\CSkeletonSerializer_SK.obj
D:\Hobby\indie2dEngine\indieEngine.win32\indieEngine\indieEngine\Debug\CSprite.obj
D:\Hobby\indie2dEngine\indieEngine.win32\indieEngine\indieEngine\Debug\CTemplateAccessor.obj
D:\Hobby\indie2dEngine\indieEngine.win32\indieEngine\indieEngine\Debug\CTexture.obj
D:\Hobby\indie2dEngine\indieEngine.win32\indieEngine\indieEngine\Debug\CTextureCommiter_PVR.obj
D:\Hobby\indie2dEngine\indieEngine.win32\indieEngine\indieEngine\Debug\CTextureLoader.obj
D:\Hobby\indie2dEngine\indieEngine.win32\indieEngine\indieEngine\Debug\CTextureLoadingOperation.obj
D:\Hobby\indie2dEngine\indieEngine.win32\indieEngine\indieEngine\Debug\CTextureSerializer_PVR.obj
D:\Hobby\indie2dEngine\indieEngine.win32\indieEngine\indieEngine\Debug\CTimer.obj
D:\Hobby\indie2dEngine\indieEngine.win32\indieEngine\indieEngine\Debug\CVertexBuffer.obj
D:\Hobby\indie2dEngine\indieEngine.win32\indieEngine\indieEngine\Debug\CWorldSpaceRenderOperationTemplateLoadingOperation.obj
D:\Hobby\indie2dEngine\indieEngine.win32\indieEngine\indieEngine\Debug\CWorldSpaceRenderOperationTemplateSerializer.obj
D:\Hobby\indie2dEngine\indieEngine.win32\indieEngine\indieEngine\Debug\gcdppImpl.obj
D:\Hobby\indie2dEngine\indieEngine.win32\indieEngine\indieEngine\Debug\gcdppMainQueue_t.obj
D:\Hobby\indie2dEngine\indieEngine.win32\indieEngine\indieEngine\Debug\gcdppQueue_i.obj
D:\Hobby\indie2dEngine\indieEngine.win32\indieEngine\indieEngine\Debug\gcdppQueue_t.obj
D:\Hobby\indie2dEngine\indieEngine.win32\indieEngine\indieEngine\Debug\gcdppTask_i.obj
D:\Hobby\indie2dEngine\indieEngine.win32\indieEngine\indieEngine\Debug\gcdppTask_t.obj
D:\Hobby\indie2dEngine\indieEngine.win32\indieEngine\indieEngine\Debug\ICollisionHandler.obj
D:\Hobby\indie2dEngine\indieEngine.win32\indieEngine\indieEngine\Debug\IGameLoopHandler.obj
D:\Hobby\indie2dEngine\indieEngine.win32\indieEngine\indieEngine\Debug\IGameObject.obj
D:\Hobby\indie2dEngine\indieEngine.win32\indieEngine\indieEngine\Debug\IGameTransition.obj
D:\Hobby\indie2dEngine\indieEngine.win32\indieEngine\indieEngine\Debug\IGameWorkflow.obj
D:\Hobby\indie2dEngine\indieEngine.win32\indieEngine\indieEngine\Debug\IGraphicsContext.obj
D:\Hobby\indie2dEngine\indieEngine.win32\indieEngine\indieEngine\Debug\IGUIControl.obj
D:\Hobby\indie2dEngine\indieEngine.win32\indieEngine\indieEngine\Debug\IInputTapRecognizerHandler.obj
D:\Hobby\indie2dEngine\indieEngine.win32\indieEngine\indieEngine\Debug\IMoveControllerHandler.obj
D:\Hobby\indie2dEngine\indieEngine.win32\indieEngine\indieEngine\Debug\IRenderHandler.obj
D:\Hobby\indie2dEngine\indieEngine.win32\indieEngine\indieEngine\Debug\IResource.obj
D:\Hobby\indie2dEngine\indieEngine.win32\indieEngine\indieEngine\Debug\IResourceCommiter.obj
D:\Hobby\indie2dEngine\indieEngine.win32\indieEngine\indieEngine\Debug\IResourceLoader.obj
D:\Hobby\indie2dEngine\indieEngine.win32\indieEngine\indieEngine\Debug\IResourceLoadingHandler.obj
D:\Hobby\indie2dEngine\indieEngine.win32\indieEngine\indieEngine\Debug\IResourceLoadingOperation.obj
D:\Hobby\indie2dEngine\indieEngine.win32\indieEngine\indieEngine\Debug\IResourceSerializer.obj
D:\Hobby\indie2dEngine\indieEngine.win32\indieEngine\indieEngine\Debug\IScene.obj
D:\Hobby\indie2dEngine\indieEngine.win32\indieEngine\indieEngine\Debug\ISceneUpdateHandler.obj
D:\Hobby\indie2dEngine\indieEngine.win32\indieEngine\indieEngine\Debug\ITemplate.obj
D:\Hobby\indie2dEngine\indieEngine.win32\indieEngine\indieEngine\Debug\ITemplateLoader.obj
D:\Hobby\indie2dEngine\indieEngine.win32\indieEngine\indieEngine\Debug\ITemplateLoadingHandler.obj
D:\Hobby\indie2dEngine\indieEngine.win32\indieEngine\indieEngine\Debug\ITemplateLoadingOperation.obj
D:\Hobby\indie2dEngine\indieEngine.win32\indieEngine\indieEngine\Debug\ITemplateSerializer.obj
D:\Hobby\indie2dEngine\indieEngine.win32\indieEngine\indieEngine\Debug\pugixml.obj
D:\Hobby\indie2dEngine\indieEngine.win32\indieEngine\indieEngine\Debug\Win32-Main.obj
D:\Hobby\indie2dEngine\indieEngine.win32\indieEngine\indieEngine\Debug\vc110.idb
D:\Hobby\indie2dEngine\indieEngine.win32\indieEngine\indieEngine\Debug\vc110.pdb
D:\Hobby\indie2dEngine\indieEngine.win32\indieEngine\Debug\indieEngine.pdb
