D:\HOBBY\INDIE2DENGINE\INDIEENGINE.WIN32\INDIEENGINE\INDIEENGINE\RELEASE\CGAMELOOPEXECUTOR_WIN32.OBJ
D:\HOBBY\INDIE2DENGINE\INDIEENGINE.WIN32\INDIEENGINE\INDIEENGINE\RELEASE\CFRUSTUM.OBJ
D:\HOBBY\INDIE2DENGINE\INDIEENGINE.WIN32\INDIEENGINE\INDIEENGINE\RELEASE\CFPSCOUNTER.OBJ
D:\HOBBY\INDIE2DENGINE\INDIEENGINE.WIN32\INDIEENGINE\INDIEENGINE\RELEASE\CCOMMONOS_WIN32.OBJ
D:\HOBBY\INDIE2DENGINE\INDIEENGINE.WIN32\INDIEENGINE\INDIEENGINE\RELEASE\CCOMMONOS_IOS.OBJ
D:\HOBBY\INDIE2DENGINE\INDIEENGINE.WIN32\INDIEENGINE\INDIEENGINE\RELEASE\CCOLLISIONMGR.OBJ
D:\HOBBY\INDIE2DENGINE\INDIEENGINE.WIN32\INDIEENGINE\INDIEENGINE\RELEASE\CCAMERA.OBJ
D:\HOBBY\INDIE2DENGINE\INDIEENGINE.WIN32\INDIEENGINE\INDIEENGINE\RELEASE\CBONE.OBJ
D:\HOBBY\INDIE2DENGINE\INDIEENGINE.WIN32\INDIEENGINE\INDIEENGINE\RELEASE\CBILLBOARD.OBJ
D:\HOBBY\INDIE2DENGINE\INDIEENGINE.WIN32\INDIEENGINE\INDIEENGINE\RELEASE\CBATCHINGMGR.OBJ
D:\HOBBY\INDIE2DENGINE\INDIEENGINE.WIN32\INDIEENGINE\INDIEENGINE\RELEASE\CBATCH.OBJ
D:\HOBBY\INDIE2DENGINE\INDIEENGINE.WIN32\INDIEENGINE\INDIEENGINE\RELEASE\CANIMATIONMIXER.OBJ
D:\HOBBY\INDIE2DENGINE\INDIEENGINE.WIN32\INDIEENGINE\INDIEENGINE\RELEASE\CAABOUNDBOX.OBJ
D:\HOBBY\INDIE2DENGINE\INDIEENGINE.WIN32\INDIEENGINE\INDIEENGINE\RELEASE\PUGIXML.OBJ
D:\HOBBY\INDIE2DENGINE\INDIEENGINE.WIN32\INDIEENGINE\INDIEENGINE\RELEASE\GCDPPTASK_T.OBJ
D:\HOBBY\INDIE2DENGINE\INDIEENGINE.WIN32\INDIEENGINE\INDIEENGINE\RELEASE\GCDPPTASK_I.OBJ
D:\HOBBY\INDIE2DENGINE\INDIEENGINE.WIN32\INDIEENGINE\INDIEENGINE\RELEASE\GCDPPQUEUE_T.OBJ
D:\HOBBY\INDIE2DENGINE\INDIEENGINE.WIN32\INDIEENGINE\INDIEENGINE\RELEASE\GCDPPQUEUE_I.OBJ
D:\HOBBY\INDIE2DENGINE\INDIEENGINE.WIN32\INDIEENGINE\INDIEENGINE\RELEASE\GCDPPMAINQUEUE_T.OBJ
D:\HOBBY\INDIE2DENGINE\INDIEENGINE.WIN32\INDIEENGINE\INDIEENGINE\RELEASE\GCDPPIMPL.OBJ
D:\HOBBY\INDIE2DENGINE\INDIEENGINE.WIN32\INDIEENGINE\INDIEENGINE\RELEASE\CMODELTEMPLATELOADINGOPERATION.OBJ
D:\HOBBY\INDIE2DENGINE\INDIEENGINE.WIN32\INDIEENGINE\INDIEENGINE\RELEASE\CMODELTEMPLATELOADER.OBJ
D:\HOBBY\INDIE2DENGINE\INDIEENGINE.WIN32\INDIEENGINE\INDIEENGINE\RELEASE\CMODEL.OBJ
D:\HOBBY\INDIE2DENGINE\INDIEENGINE.WIN32\INDIEENGINE\INDIEENGINE\RELEASE\CMESHSERIALIZER_MDL.OBJ
D:\HOBBY\INDIE2DENGINE\INDIEENGINE.WIN32\INDIEENGINE\INDIEENGINE\RELEASE\CMESHLOADINGOPERATION.OBJ
D:\HOBBY\INDIE2DENGINE\INDIEENGINE.WIN32\INDIEENGINE\INDIEENGINE\RELEASE\CMESHLOADER.OBJ
D:\HOBBY\INDIE2DENGINE\INDIEENGINE.WIN32\INDIEENGINE\INDIEENGINE\RELEASE\CMESHCOMMITER_MDL.OBJ
D:\HOBBY\INDIE2DENGINE\INDIEENGINE.WIN32\INDIEENGINE\INDIEENGINE\RELEASE\CMESH.OBJ
D:\HOBBY\INDIE2DENGINE\INDIEENGINE.WIN32\INDIEENGINE\INDIEENGINE\RELEASE\CMATERIALTEMPLATESERIALIZER.OBJ
D:\HOBBY\INDIE2DENGINE\INDIEENGINE.WIN32\INDIEENGINE\INDIEENGINE\RELEASE\CMATERIALTEMPLATELOADINGOPERATION.OBJ
D:\HOBBY\INDIE2DENGINE\INDIEENGINE.WIN32\INDIEENGINE\INDIEENGINE\RELEASE\CMATERIAL.OBJ
D:\HOBBY\INDIE2DENGINE\INDIEENGINE.WIN32\INDIEENGINE\INDIEENGINE\RELEASE\CLIGHT.OBJ
D:\HOBBY\INDIE2DENGINE\INDIEENGINE.WIN32\INDIEENGINE\INDIEENGINE\RELEASE\CINPUTCONTEXT_WIN32.OBJ
D:\HOBBY\INDIE2DENGINE\INDIEENGINE.WIN32\INDIEENGINE\INDIEENGINE\RELEASE\CINPUTCONTEXT_IOS.OBJ
D:\HOBBY\INDIE2DENGINE\INDIEENGINE.WIN32\INDIEENGINE\INDIEENGINE\RELEASE\CINDEXBUFFER.OBJ
D:\HOBBY\INDIE2DENGINE\INDIEENGINE.WIN32\INDIEENGINE\INDIEENGINE\RELEASE\CGRAPHICSCONTEXT_WIN32.OBJ
D:\HOBBY\INDIE2DENGINE\INDIEENGINE.WIN32\INDIEENGINE\INDIEENGINE\RELEASE\CGRAPHICSCONTEXT_IOS.OBJ
D:\HOBBY\INDIE2DENGINE\INDIEENGINE.WIN32\INDIEENGINE\INDIEENGINE\RELEASE\CGAMETRANSITIONTEMPLATESERIALIZER.OBJ
D:\HOBBY\INDIE2DENGINE\INDIEENGINE.WIN32\INDIEENGINE\INDIEENGINE\RELEASE\CGAMETRANSITIONTEMPLATELOADINGOPERATION.OBJ
D:\HOBBY\INDIE2DENGINE\INDIEENGINE.WIN32\INDIEENGINE\INDIEENGINE\RELEASE\CGAMETRANSITIONTEMPLATELOADER.OBJ
D:\HOBBY\INDIE2DENGINE\INDIEENGINE.WIN32\INDIEENGINE\INDIEENGINE\RELEASE\CSCENEGRAPH.OBJ
D:\HOBBY\INDIE2DENGINE\INDIEENGINE.WIN32\INDIEENGINE\INDIEENGINE\RELEASE\CSCENEFABRICATOR.OBJ
D:\HOBBY\INDIE2DENGINE\INDIEENGINE.WIN32\INDIEENGINE\INDIEENGINE\RELEASE\CRESOURCEACCESSOR.OBJ
D:\HOBBY\INDIE2DENGINE\INDIEENGINE.WIN32\INDIEENGINE\INDIEENGINE\RELEASE\CRENDEROPERATIONWORLDSPACE.OBJ
D:\HOBBY\INDIE2DENGINE\INDIEENGINE.WIN32\INDIEENGINE\INDIEENGINE\RELEASE\CRENDEROPERATIONSCREENSPACE.OBJ
D:\HOBBY\INDIE2DENGINE\INDIEENGINE.WIN32\INDIEENGINE\INDIEENGINE\RELEASE\CRENDEROPERATIONOUTPUT.OBJ
D:\HOBBY\INDIE2DENGINE\INDIEENGINE.WIN32\INDIEENGINE\INDIEENGINE\RELEASE\CRENDERMGR.OBJ
D:\HOBBY\INDIE2DENGINE\INDIEENGINE.WIN32\INDIEENGINE\INDIEENGINE\RELEASE\CPARTICLEEMITTERTEMPLATESERIALIZER.OBJ
D:\HOBBY\INDIE2DENGINE\INDIEENGINE.WIN32\INDIEENGINE\INDIEENGINE\RELEASE\CPARTICLEEMITTERTEMPLATELOADER.OBJ
D:\HOBBY\INDIE2DENGINE\INDIEENGINE.WIN32\INDIEENGINE\INDIEENGINE\RELEASE\CPARTICLEEMITTERLOADINGOPERATION.OBJ
D:\HOBBY\INDIE2DENGINE\INDIEENGINE.WIN32\INDIEENGINE\INDIEENGINE\RELEASE\CPARTICLEEMITTER.OBJ
D:\HOBBY\INDIE2DENGINE\INDIEENGINE.WIN32\INDIEENGINE\INDIEENGINE\RELEASE\COUTPUTRENDEROPERATIONTEMPLATESERIALIZER.OBJ
D:\HOBBY\INDIE2DENGINE\INDIEENGINE.WIN32\INDIEENGINE\INDIEENGINE\RELEASE\COUTPUTRENDEROPERATIONTEMPLATELOADINGOPERATION.OBJ
D:\HOBBY\INDIE2DENGINE\INDIEENGINE.WIN32\INDIEENGINE\INDIEENGINE\RELEASE\COGLWINDOW_WIN32.OBJ
D:\HOBBY\INDIE2DENGINE\INDIEENGINE.WIN32\INDIEENGINE\INDIEENGINE\RELEASE\COGLWINDOW_IOS.OBJ
D:\HOBBY\INDIE2DENGINE\INDIEENGINE.WIN32\INDIEENGINE\INDIEENGINE\RELEASE\COCEANTEMPLATESERIALIZER.OBJ
D:\HOBBY\INDIE2DENGINE\INDIEENGINE.WIN32\INDIEENGINE\INDIEENGINE\RELEASE\COCEANTEMPLATELOADINGOPERATION.OBJ
D:\HOBBY\INDIE2DENGINE\INDIEENGINE.WIN32\INDIEENGINE\INDIEENGINE\RELEASE\COCEANTEMPLATELOADER.OBJ
D:\HOBBY\INDIE2DENGINE\INDIEENGINE.WIN32\INDIEENGINE\INDIEENGINE\RELEASE\COCEAN.OBJ
D:\HOBBY\INDIE2DENGINE\INDIEENGINE.WIN32\INDIEENGINE\INDIEENGINE\RELEASE\CMODELTEMPLATESERIALIZER.OBJ
D:\HOBBY\INDIE2DENGINE\INDIEENGINE.WIN32\INDIEENGINE\INDIEENGINE\RELEASE\CSPRITE.OBJ
D:\HOBBY\INDIE2DENGINE\INDIEENGINE.WIN32\INDIEENGINE\INDIEENGINE\RELEASE\CSKELETONSERIALIZER_SK.OBJ
D:\HOBBY\INDIE2DENGINE\INDIEENGINE.WIN32\INDIEENGINE\INDIEENGINE\RELEASE\CSKELETONLOADINGOPERATION.OBJ
D:\HOBBY\INDIE2DENGINE\INDIEENGINE.WIN32\INDIEENGINE\INDIEENGINE\RELEASE\CSKELETONLOADER.OBJ
D:\HOBBY\INDIE2DENGINE\INDIEENGINE.WIN32\INDIEENGINE\INDIEENGINE\RELEASE\CSKELETONCOMMITER_SK.OBJ
D:\HOBBY\INDIE2DENGINE\INDIEENGINE.WIN32\INDIEENGINE\INDIEENGINE\RELEASE\CSKELETON.OBJ
D:\HOBBY\INDIE2DENGINE\INDIEENGINE.WIN32\INDIEENGINE\INDIEENGINE\RELEASE\CSHAPE.OBJ
D:\HOBBY\INDIE2DENGINE\INDIEENGINE.WIN32\INDIEENGINE\INDIEENGINE\RELEASE\CSHADERSERIALIZER_GLSL.OBJ
D:\HOBBY\INDIE2DENGINE\INDIEENGINE.WIN32\INDIEENGINE\INDIEENGINE\RELEASE\CSHADERLOADINGOPERATION.OBJ
D:\HOBBY\INDIE2DENGINE\INDIEENGINE.WIN32\INDIEENGINE\INDIEENGINE\RELEASE\CSHADERLOADER.OBJ
D:\HOBBY\INDIE2DENGINE\INDIEENGINE.WIN32\INDIEENGINE\INDIEENGINE\RELEASE\CSHADERCOMMITER_GLSL.OBJ
D:\HOBBY\INDIE2DENGINE\INDIEENGINE.WIN32\INDIEENGINE\INDIEENGINE\RELEASE\CSHADER.OBJ
D:\HOBBY\INDIE2DENGINE\INDIEENGINE.WIN32\INDIEENGINE\INDIEENGINE\RELEASE\CSEQUENCESERIALIZER_SEQ.OBJ
D:\HOBBY\INDIE2DENGINE\INDIEENGINE.WIN32\INDIEENGINE\INDIEENGINE\RELEASE\CSEQUENCELOADINGOPERATION.OBJ
D:\HOBBY\INDIE2DENGINE\INDIEENGINE.WIN32\INDIEENGINE\INDIEENGINE\RELEASE\CSEQUENCELOADER.OBJ
D:\HOBBY\INDIE2DENGINE\INDIEENGINE.WIN32\INDIEENGINE\INDIEENGINE\RELEASE\CSEQUENCECOMMITER_SEQ.OBJ
D:\HOBBY\INDIE2DENGINE\INDIEENGINE.WIN32\INDIEENGINE\INDIEENGINE\RELEASE\CSEQUENCE.OBJ
D:\HOBBY\INDIE2DENGINE\INDIEENGINE.WIN32\INDIEENGINE\INDIEENGINE\RELEASE\CSCREENSPACERENDEROPERATIONTEMPLATESERIALIZER.OBJ
D:\HOBBY\INDIE2DENGINE\INDIEENGINE.WIN32\INDIEENGINE\INDIEENGINE\RELEASE\CSCREENSPACERENDEROPERATIONTEMPLATELOADINGOPERATION.OBJ
D:\HOBBY\INDIE2DENGINE\INDIEENGINE.WIN32\INDIEENGINE\INDIEENGINE\RELEASE\CSCENEUPDATEMGR.OBJ
D:\HOBBY\INDIE2DENGINE\INDIEENGINE.WIN32\INDIEENGINE\INDIEENGINE\RELEASE\IRESOURCE.OBJ
D:\HOBBY\INDIE2DENGINE\INDIEENGINE.WIN32\INDIEENGINE\INDIEENGINE\RELEASE\IRENDERHANDLER.OBJ
D:\HOBBY\INDIE2DENGINE\INDIEENGINE.WIN32\INDIEENGINE\INDIEENGINE\RELEASE\IINPUTTAPRECOGNIZERHANDLER.OBJ
D:\HOBBY\INDIE2DENGINE\INDIEENGINE.WIN32\INDIEENGINE\INDIEENGINE\RELEASE\IGUICONTROL.OBJ
D:\HOBBY\INDIE2DENGINE\INDIEENGINE.WIN32\INDIEENGINE\INDIEENGINE\RELEASE\IGRAPHICSCONTEXT.OBJ
D:\HOBBY\INDIE2DENGINE\INDIEENGINE.WIN32\INDIEENGINE\INDIEENGINE\RELEASE\IGAMEWORKFLOW.OBJ
D:\HOBBY\INDIE2DENGINE\INDIEENGINE.WIN32\INDIEENGINE\INDIEENGINE\RELEASE\IGAMETRANSITION.OBJ
D:\HOBBY\INDIE2DENGINE\INDIEENGINE.WIN32\INDIEENGINE\INDIEENGINE\RELEASE\IGAMEOBJECT.OBJ
D:\HOBBY\INDIE2DENGINE\INDIEENGINE.WIN32\INDIEENGINE\INDIEENGINE\RELEASE\IGAMELOOPHANDLER.OBJ
D:\HOBBY\INDIE2DENGINE\INDIEENGINE.WIN32\INDIEENGINE\INDIEENGINE\RELEASE\ICOLLISIONHANDLER.OBJ
D:\HOBBY\INDIE2DENGINE\INDIEENGINE.WIN32\INDIEENGINE\INDIEENGINE\RELEASE\CWORLDSPACERENDEROPERATIONTEMPLATESERIALIZER.OBJ
D:\HOBBY\INDIE2DENGINE\INDIEENGINE.WIN32\INDIEENGINE\INDIEENGINE\RELEASE\CWORLDSPACERENDEROPERATIONTEMPLATELOADINGOPERATION.OBJ
D:\HOBBY\INDIE2DENGINE\INDIEENGINE.WIN32\INDIEENGINE\INDIEENGINE\RELEASE\CVERTEXBUFFER.OBJ
D:\HOBBY\INDIE2DENGINE\INDIEENGINE.WIN32\INDIEENGINE\INDIEENGINE\RELEASE\CTIMER.OBJ
D:\HOBBY\INDIE2DENGINE\INDIEENGINE.WIN32\INDIEENGINE\INDIEENGINE\RELEASE\CTEXTURESERIALIZER_PVR.OBJ
D:\HOBBY\INDIE2DENGINE\INDIEENGINE.WIN32\INDIEENGINE\INDIEENGINE\RELEASE\CTEXTURELOADINGOPERATION.OBJ
D:\HOBBY\INDIE2DENGINE\INDIEENGINE.WIN32\INDIEENGINE\INDIEENGINE\RELEASE\CTEXTURELOADER.OBJ
D:\HOBBY\INDIE2DENGINE\INDIEENGINE.WIN32\INDIEENGINE\INDIEENGINE\RELEASE\CTEXTURECOMMITER_PVR.OBJ
D:\HOBBY\INDIE2DENGINE\INDIEENGINE.WIN32\INDIEENGINE\INDIEENGINE\RELEASE\CTEXTURE.OBJ
D:\HOBBY\INDIE2DENGINE\INDIEENGINE.WIN32\INDIEENGINE\INDIEENGINE\RELEASE\CTEMPLATEACCESSOR.OBJ
D:\HOBBY\INDIE2DENGINE\INDIEENGINE.WIN32\INDIEENGINE\INDIEENGINE\RELEASE\WIN32-MAIN.OBJ
D:\HOBBY\INDIE2DENGINE\INDIEENGINE.WIN32\INDIEENGINE\INDIEENGINE\RELEASE\IMOVECONTROLLERHANDLER.OBJ
D:\HOBBY\INDIE2DENGINE\INDIEENGINE.WIN32\INDIEENGINE\INDIEENGINE\RELEASE\CNAVIGATOR.OBJ
D:\HOBBY\INDIE2DENGINE\INDIEENGINE.WIN32\INDIEENGINE\INDIEENGINE\RELEASE\CKOTHWORKFLOW.OBJ
D:\HOBBY\INDIE2DENGINE\INDIEENGINE.WIN32\INDIEENGINE\INDIEENGINE\RELEASE\CKOTHINGAMETRANSITION.OBJ
D:\HOBBY\INDIE2DENGINE\INDIEENGINE.WIN32\INDIEENGINE\INDIEENGINE\RELEASE\CKOTHINGAMESCENE.OBJ
D:\HOBBY\INDIE2DENGINE\INDIEENGINE.WIN32\INDIEENGINE\INDIEENGINE\RELEASE\CGAMEVIEWCONTROLLER_WIN32.OBJ
D:\HOBBY\INDIE2DENGINE\INDIEENGINE.WIN32\INDIEENGINE\INDIEENGINE\RELEASE\CCHARACTERCONTROLLER.OBJ
D:\HOBBY\INDIE2DENGINE\INDIEENGINE.WIN32\INDIEENGINE\INDIEENGINE\RELEASE\ITEMPLATESERIALIZER.OBJ
D:\HOBBY\INDIE2DENGINE\INDIEENGINE.WIN32\INDIEENGINE\INDIEENGINE\RELEASE\ITEMPLATELOADINGOPERATION.OBJ
D:\HOBBY\INDIE2DENGINE\INDIEENGINE.WIN32\INDIEENGINE\INDIEENGINE\RELEASE\ITEMPLATELOADINGHANDLER.OBJ
D:\HOBBY\INDIE2DENGINE\INDIEENGINE.WIN32\INDIEENGINE\INDIEENGINE\RELEASE\ITEMPLATELOADER.OBJ
D:\HOBBY\INDIE2DENGINE\INDIEENGINE.WIN32\INDIEENGINE\INDIEENGINE\RELEASE\ITEMPLATE.OBJ
D:\HOBBY\INDIE2DENGINE\INDIEENGINE.WIN32\INDIEENGINE\INDIEENGINE\RELEASE\ISCENEUPDATEHANDLER.OBJ
D:\HOBBY\INDIE2DENGINE\INDIEENGINE.WIN32\INDIEENGINE\INDIEENGINE\RELEASE\ISCENE.OBJ
D:\HOBBY\INDIE2DENGINE\INDIEENGINE.WIN32\INDIEENGINE\INDIEENGINE\RELEASE\IRESOURCESERIALIZER.OBJ
D:\HOBBY\INDIE2DENGINE\INDIEENGINE.WIN32\INDIEENGINE\INDIEENGINE\RELEASE\IRESOURCELOADINGOPERATION.OBJ
D:\HOBBY\INDIE2DENGINE\INDIEENGINE.WIN32\INDIEENGINE\INDIEENGINE\RELEASE\IRESOURCELOADINGHANDLER.OBJ
D:\HOBBY\INDIE2DENGINE\INDIEENGINE.WIN32\INDIEENGINE\INDIEENGINE\RELEASE\IRESOURCELOADER.OBJ
D:\HOBBY\INDIE2DENGINE\INDIEENGINE.WIN32\INDIEENGINE\INDIEENGINE\RELEASE\IRESOURCECOMMITER.OBJ
D:\HOBBY\INDIE2DENGINE\INDIEENGINE.WIN32\INDIEENGINE\INDIEENGINE\RELEASE\VC110.PDB
D:\HOBBY\INDIE2DENGINE\INDIEENGINE.WIN32\INDIEENGINE\RELEASE\INDIEENGINE.EXE
D:\HOBBY\INDIE2DENGINE\INDIEENGINE.WIN32\INDIEENGINE\RELEASE\INDIEENGINE.PDB
D:\Hobby\indie2dEngine\indieEngine.win32\indieEngine\indieEngine\Release\CAABoundBox.obj
D:\Hobby\indie2dEngine\indieEngine.win32\indieEngine\indieEngine\Release\CAnimationMixer.obj
D:\Hobby\indie2dEngine\indieEngine.win32\indieEngine\indieEngine\Release\CBatch.obj
D:\Hobby\indie2dEngine\indieEngine.win32\indieEngine\indieEngine\Release\CBatchingMgr.obj
D:\Hobby\indie2dEngine\indieEngine.win32\indieEngine\indieEngine\Release\CBillboard.obj
D:\Hobby\indie2dEngine\indieEngine.win32\indieEngine\indieEngine\Release\CBone.obj
D:\Hobby\indie2dEngine\indieEngine.win32\indieEngine\indieEngine\Release\CCamera.obj
D:\Hobby\indie2dEngine\indieEngine.win32\indieEngine\indieEngine\Release\CCharacterController.obj
D:\Hobby\indie2dEngine\indieEngine.win32\indieEngine\indieEngine\Release\CCollisionMgr.obj
D:\Hobby\indie2dEngine\indieEngine.win32\indieEngine\indieEngine\Release\CCommonOS_iOS.obj
D:\Hobby\indie2dEngine\indieEngine.win32\indieEngine\indieEngine\Release\CCommonOS_win32.obj
D:\Hobby\indie2dEngine\indieEngine.win32\indieEngine\indieEngine\Release\CFPSCounter.obj
D:\Hobby\indie2dEngine\indieEngine.win32\indieEngine\indieEngine\Release\CFrustum.obj
D:\Hobby\indie2dEngine\indieEngine.win32\indieEngine\indieEngine\Release\CGameLoopExecutor_Win32.obj
D:\Hobby\indie2dEngine\indieEngine.win32\indieEngine\indieEngine\Release\CGameTransitionTemplateLoader.obj
D:\Hobby\indie2dEngine\indieEngine.win32\indieEngine\indieEngine\Release\CGameTransitionTemplateLoadingOperation.obj
D:\Hobby\indie2dEngine\indieEngine.win32\indieEngine\indieEngine\Release\CGameTransitionTemplateSerializer.obj
D:\Hobby\indie2dEngine\indieEngine.win32\indieEngine\indieEngine\Release\CGameViewController_win32.obj
D:\Hobby\indie2dEngine\indieEngine.win32\indieEngine\indieEngine\Release\CGraphicsContext_iOS.obj
D:\Hobby\indie2dEngine\indieEngine.win32\indieEngine\indieEngine\Release\CGraphicsContext_win32.obj
D:\Hobby\indie2dEngine\indieEngine.win32\indieEngine\indieEngine\Release\CIndexBuffer.obj
D:\Hobby\indie2dEngine\indieEngine.win32\indieEngine\indieEngine\Release\CInputContext_iOS.obj
D:\Hobby\indie2dEngine\indieEngine.win32\indieEngine\indieEngine\Release\CInputContext_Win32.obj
D:\Hobby\indie2dEngine\indieEngine.win32\indieEngine\indieEngine\Release\CKOTHInGameScene.obj
D:\Hobby\indie2dEngine\indieEngine.win32\indieEngine\indieEngine\Release\CKOTHInGameTransition.obj
D:\Hobby\indie2dEngine\indieEngine.win32\indieEngine\indieEngine\Release\CKOTHWorkflow.obj
D:\Hobby\indie2dEngine\indieEngine.win32\indieEngine\indieEngine\Release\CLight.obj
D:\Hobby\indie2dEngine\indieEngine.win32\indieEngine\indieEngine\Release\CMaterial.obj
D:\Hobby\indie2dEngine\indieEngine.win32\indieEngine\indieEngine\Release\CMaterialTemplateLoadingOperation.obj
D:\Hobby\indie2dEngine\indieEngine.win32\indieEngine\indieEngine\Release\CMaterialTemplateSerializer.obj
D:\Hobby\indie2dEngine\indieEngine.win32\indieEngine\indieEngine\Release\CMesh.obj
D:\Hobby\indie2dEngine\indieEngine.win32\indieEngine\indieEngine\Release\CMeshCommiter_MDL.obj
D:\Hobby\indie2dEngine\indieEngine.win32\indieEngine\indieEngine\Release\CMeshLoader.obj
D:\Hobby\indie2dEngine\indieEngine.win32\indieEngine\indieEngine\Release\CMeshLoadingOperation.obj
D:\Hobby\indie2dEngine\indieEngine.win32\indieEngine\indieEngine\Release\CMeshSerializer_MDL.obj
D:\Hobby\indie2dEngine\indieEngine.win32\indieEngine\indieEngine\Release\CModel.obj
D:\Hobby\indie2dEngine\indieEngine.win32\indieEngine\indieEngine\Release\CModelTemplateLoader.obj
D:\Hobby\indie2dEngine\indieEngine.win32\indieEngine\indieEngine\Release\CModelTemplateLoadingOperation.obj
D:\Hobby\indie2dEngine\indieEngine.win32\indieEngine\indieEngine\Release\CModelTemplateSerializer.obj
D:\Hobby\indie2dEngine\indieEngine.win32\indieEngine\indieEngine\Release\CNavigator.obj
D:\Hobby\indie2dEngine\indieEngine.win32\indieEngine\indieEngine\Release\COcean.obj
D:\Hobby\indie2dEngine\indieEngine.win32\indieEngine\indieEngine\Release\COceanTemplateLoader.obj
D:\Hobby\indie2dEngine\indieEngine.win32\indieEngine\indieEngine\Release\COceanTemplateLoadingOperation.obj
D:\Hobby\indie2dEngine\indieEngine.win32\indieEngine\indieEngine\Release\COceanTemplateSerializer.obj
D:\Hobby\indie2dEngine\indieEngine.win32\indieEngine\indieEngine\Release\COGLWindow_iOS.obj
D:\Hobby\indie2dEngine\indieEngine.win32\indieEngine\indieEngine\Release\COGLWindow_win32.obj
D:\Hobby\indie2dEngine\indieEngine.win32\indieEngine\indieEngine\Release\COutputRenderOperationTemplateLoadingOperation.obj
D:\Hobby\indie2dEngine\indieEngine.win32\indieEngine\indieEngine\Release\COutputRenderOperationTemplateSerializer.obj
D:\Hobby\indie2dEngine\indieEngine.win32\indieEngine\indieEngine\Release\CParticleEmitter.obj
D:\Hobby\indie2dEngine\indieEngine.win32\indieEngine\indieEngine\Release\CParticleEmitterLoadingOperation.obj
D:\Hobby\indie2dEngine\indieEngine.win32\indieEngine\indieEngine\Release\CParticleEmitterTemplateLoader.obj
D:\Hobby\indie2dEngine\indieEngine.win32\indieEngine\indieEngine\Release\CParticleEmitterTemplateSerializer.obj
D:\Hobby\indie2dEngine\indieEngine.win32\indieEngine\indieEngine\Release\CRenderMgr.obj
D:\Hobby\indie2dEngine\indieEngine.win32\indieEngine\indieEngine\Release\CRenderOperationOutput.obj
D:\Hobby\indie2dEngine\indieEngine.win32\indieEngine\indieEngine\Release\CRenderOperationScreenSpace.obj
D:\Hobby\indie2dEngine\indieEngine.win32\indieEngine\indieEngine\Release\CRenderOperationWorldSpace.obj
D:\Hobby\indie2dEngine\indieEngine.win32\indieEngine\indieEngine\Release\CResourceAccessor.obj
D:\Hobby\indie2dEngine\indieEngine.win32\indieEngine\indieEngine\Release\CSceneFabricator.obj
D:\Hobby\indie2dEngine\indieEngine.win32\indieEngine\indieEngine\Release\CSceneGraph.obj
D:\Hobby\indie2dEngine\indieEngine.win32\indieEngine\indieEngine\Release\CSceneUpdateMgr.obj
D:\Hobby\indie2dEngine\indieEngine.win32\indieEngine\indieEngine\Release\CScreenSpaceRenderOperationTemplateLoadingOperation.obj
D:\Hobby\indie2dEngine\indieEngine.win32\indieEngine\indieEngine\Release\CScreenSpaceRenderOperationTemplateSerializer.obj
D:\Hobby\indie2dEngine\indieEngine.win32\indieEngine\indieEngine\Release\CSequence.obj
D:\Hobby\indie2dEngine\indieEngine.win32\indieEngine\indieEngine\Release\CSequenceCommiter_SEQ.obj
D:\Hobby\indie2dEngine\indieEngine.win32\indieEngine\indieEngine\Release\CSequenceLoader.obj
D:\Hobby\indie2dEngine\indieEngine.win32\indieEngine\indieEngine\Release\CSequenceLoadingOperation.obj
D:\Hobby\indie2dEngine\indieEngine.win32\indieEngine\indieEngine\Release\CSequenceSerializer_SEQ.obj
D:\Hobby\indie2dEngine\indieEngine.win32\indieEngine\indieEngine\Release\CShader.obj
D:\Hobby\indie2dEngine\indieEngine.win32\indieEngine\indieEngine\Release\CShaderCommiter_GLSL.obj
D:\Hobby\indie2dEngine\indieEngine.win32\indieEngine\indieEngine\Release\CShaderLoader.obj
D:\Hobby\indie2dEngine\indieEngine.win32\indieEngine\indieEngine\Release\CShaderLoadingOperation.obj
D:\Hobby\indie2dEngine\indieEngine.win32\indieEngine\indieEngine\Release\CShaderSerializer_GLSL.obj
D:\Hobby\indie2dEngine\indieEngine.win32\indieEngine\indieEngine\Release\CShape.obj
D:\Hobby\indie2dEngine\indieEngine.win32\indieEngine\indieEngine\Release\CSkeleton.obj
D:\Hobby\indie2dEngine\indieEngine.win32\indieEngine\indieEngine\Release\CSkeletonCommiter_SK.obj
D:\Hobby\indie2dEngine\indieEngine.win32\indieEngine\indieEngine\Release\CSkeletonLoader.obj
D:\Hobby\indie2dEngine\indieEngine.win32\indieEngine\indieEngine\Release\CSkeletonLoadingOperation.obj
D:\Hobby\indie2dEngine\indieEngine.win32\indieEngine\indieEngine\Release\CSkeletonSerializer_SK.obj
D:\Hobby\indie2dEngine\indieEngine.win32\indieEngine\indieEngine\Release\CSprite.obj
D:\Hobby\indie2dEngine\indieEngine.win32\indieEngine\indieEngine\Release\CTemplateAccessor.obj
D:\Hobby\indie2dEngine\indieEngine.win32\indieEngine\indieEngine\Release\CTexture.obj
D:\Hobby\indie2dEngine\indieEngine.win32\indieEngine\indieEngine\Release\CTextureCommiter_PVR.obj
D:\Hobby\indie2dEngine\indieEngine.win32\indieEngine\indieEngine\Release\CTextureLoader.obj
D:\Hobby\indie2dEngine\indieEngine.win32\indieEngine\indieEngine\Release\CTextureLoadingOperation.obj
D:\Hobby\indie2dEngine\indieEngine.win32\indieEngine\indieEngine\Release\CTextureSerializer_PVR.obj
D:\Hobby\indie2dEngine\indieEngine.win32\indieEngine\indieEngine\Release\CTimer.obj
D:\Hobby\indie2dEngine\indieEngine.win32\indieEngine\indieEngine\Release\CVertexBuffer.obj
D:\Hobby\indie2dEngine\indieEngine.win32\indieEngine\indieEngine\Release\CWorldSpaceRenderOperationTemplateLoadingOperation.obj
D:\Hobby\indie2dEngine\indieEngine.win32\indieEngine\indieEngine\Release\CWorldSpaceRenderOperationTemplateSerializer.obj
D:\Hobby\indie2dEngine\indieEngine.win32\indieEngine\indieEngine\Release\gcdppImpl.obj
D:\Hobby\indie2dEngine\indieEngine.win32\indieEngine\indieEngine\Release\gcdppMainQueue_t.obj
D:\Hobby\indie2dEngine\indieEngine.win32\indieEngine\indieEngine\Release\gcdppQueue_i.obj
D:\Hobby\indie2dEngine\indieEngine.win32\indieEngine\indieEngine\Release\gcdppQueue_t.obj
D:\Hobby\indie2dEngine\indieEngine.win32\indieEngine\indieEngine\Release\gcdppTask_i.obj
D:\Hobby\indie2dEngine\indieEngine.win32\indieEngine\indieEngine\Release\gcdppTask_t.obj
D:\Hobby\indie2dEngine\indieEngine.win32\indieEngine\indieEngine\Release\ICollisionHandler.obj
D:\Hobby\indie2dEngine\indieEngine.win32\indieEngine\indieEngine\Release\IGameLoopHandler.obj
D:\Hobby\indie2dEngine\indieEngine.win32\indieEngine\indieEngine\Release\IGameObject.obj
D:\Hobby\indie2dEngine\indieEngine.win32\indieEngine\indieEngine\Release\IGameTransition.obj
D:\Hobby\indie2dEngine\indieEngine.win32\indieEngine\indieEngine\Release\IGameWorkflow.obj
D:\Hobby\indie2dEngine\indieEngine.win32\indieEngine\indieEngine\Release\IGraphicsContext.obj
D:\Hobby\indie2dEngine\indieEngine.win32\indieEngine\indieEngine\Release\IGUIControl.obj
D:\Hobby\indie2dEngine\indieEngine.win32\indieEngine\indieEngine\Release\IInputTapRecognizerHandler.obj
D:\Hobby\indie2dEngine\indieEngine.win32\indieEngine\indieEngine\Release\IMoveControllerHandler.obj
D:\Hobby\indie2dEngine\indieEngine.win32\indieEngine\indieEngine\Release\IRenderHandler.obj
D:\Hobby\indie2dEngine\indieEngine.win32\indieEngine\indieEngine\Release\IResource.obj
D:\Hobby\indie2dEngine\indieEngine.win32\indieEngine\indieEngine\Release\IResourceCommiter.obj
D:\Hobby\indie2dEngine\indieEngine.win32\indieEngine\indieEngine\Release\IResourceLoader.obj
D:\Hobby\indie2dEngine\indieEngine.win32\indieEngine\indieEngine\Release\IResourceLoadingHandler.obj
D:\Hobby\indie2dEngine\indieEngine.win32\indieEngine\indieEngine\Release\IResourceLoadingOperation.obj
D:\Hobby\indie2dEngine\indieEngine.win32\indieEngine\indieEngine\Release\IResourceSerializer.obj
D:\Hobby\indie2dEngine\indieEngine.win32\indieEngine\indieEngine\Release\IScene.obj
D:\Hobby\indie2dEngine\indieEngine.win32\indieEngine\indieEngine\Release\ISceneUpdateHandler.obj
D:\Hobby\indie2dEngine\indieEngine.win32\indieEngine\indieEngine\Release\ITemplate.obj
D:\Hobby\indie2dEngine\indieEngine.win32\indieEngine\indieEngine\Release\ITemplateLoader.obj
D:\Hobby\indie2dEngine\indieEngine.win32\indieEngine\indieEngine\Release\ITemplateLoadingHandler.obj
D:\Hobby\indie2dEngine\indieEngine.win32\indieEngine\indieEngine\Release\ITemplateLoadingOperation.obj
D:\Hobby\indie2dEngine\indieEngine.win32\indieEngine\indieEngine\Release\ITemplateSerializer.obj
D:\Hobby\indie2dEngine\indieEngine.win32\indieEngine\indieEngine\Release\pugixml.obj
D:\Hobby\indie2dEngine\indieEngine.win32\indieEngine\indieEngine\Release\Win32-Main.obj
D:\Hobby\indie2dEngine\indieEngine.win32\indieEngine\indieEngine\Release\cl.command.1.tlog
D:\Hobby\indie2dEngine\indieEngine.win32\indieEngine\indieEngine\Release\CL.read.1.tlog
D:\Hobby\indie2dEngine\indieEngine.win32\indieEngine\indieEngine\Release\CL.write.1.tlog
D:\Hobby\indie2dEngine\indieEngine.win32\indieEngine\indieEngine\Release\link-cvtres.read.1.tlog
D:\Hobby\indie2dEngine\indieEngine.win32\indieEngine\indieEngine\Release\link-cvtres.write.1.tlog
D:\Hobby\indie2dEngine\indieEngine.win32\indieEngine\indieEngine\Release\link-rc.read.1.tlog
D:\Hobby\indie2dEngine\indieEngine.win32\indieEngine\indieEngine\Release\link-rc.write.1.tlog
D:\Hobby\indie2dEngine\indieEngine.win32\indieEngine\indieEngine\Release\link.command.1.tlog
D:\Hobby\indie2dEngine\indieEngine.win32\indieEngine\indieEngine\Release\link.read.1.tlog
D:\Hobby\indie2dEngine\indieEngine.win32\indieEngine\indieEngine\Release\link.write.1.tlog
D:\Hobby\indie2dEngine\indieEngine.win32\indieEngine\indieEngine\Release\vc110.pdb
D:\Hobby\indie2dEngine\indieEngine.win32\indieEngine\Release\indieEngine.pdb
D:\Hobby\indie2dEngine\indieEngine.win32\indieEngine\Release\indieEngine.exe
