Build started 11.10.2013 18:55:12.
     1>Project "D:\Hobby\indie2dEngine\indieEngine.win32\indieEngine\indieEngine\indieEngine.vcxproj" on node 2 (Build target(s)).
     1>CTP_Warning:
         'Microsoft Visual C++ Compiler Nov 2012 CTP' is for testing purposes only.
       ClCompile:
         C:\Program Files (x86)\Microsoft Visual C++ Compiler Nov 2012 CTP\bin\CL.exe /c /I"D:\Hobby\indie2dEngine\indie2dEngine-Core\Sources" /I"D:\Hobby\indie2dEngine\indie2dEngine-Core\Libraries" /I"D:\Hobby\indie2dEngine\indie2dEngine-Core\Libraries\ogles2\include" /I"D:\Hobby\indie2dEngine\indie2dEngine-Core\Libraries\pvrtextool\include" /I"D:\Hobby\indie2dEngine\indie2dEngine-Core\Libraries\gcdpp\include" /I"D:\Hobby\indie2dEngine\indie2dEngine-Core\Libraries\jsoncpp\include" /Zi /nologo /W3 /WX- /O2 /Oi /Oy- /GL /D _UNICODE /D UNICODE /U_CONSOLE /U__WIN32__ /Gm- /EHsc /MD /GS /Gy /fp:precise /Zc:wchar_t /Zc:forScope /Fo"Release\\" /Fd"Release\vc110.pdb" /Gd /TP /analyze- /errorReport:prompt "..\..\..\indie2dEngine-Core\Libraries\gcdpp\src\gcdppImpl.cpp" "..\..\..\indie2dEngine-Core\Libraries\gcdpp\src\gcdppTask_t.cpp" "..\..\..\indie2dEngine-Core\Sources\CGameTransitionTemplateLoadingOperation.cpp" "..\..\..\indie2dEngine-Core\Sources\CGameTransitionTemplateSerializer.cpp" "..\..\..\indie2dEngine-Core\Sources\CGraphicsContext_win32.cpp" "..\..\..\indie2dEngine-Core\Sources\CIndexBuffer.cpp" "..\..\..\indie2dEngine-Core\Sources\CInputContext_Win32.cpp" "..\..\..\indie2dEngine-Core\Sources\CLight.cpp" "..\..\..\indie2dEngine-Core\Sources\CMaterial.cpp" "..\..\..\indie2dEngine-Core\Sources\CMaterialTemplateLoadingOperation.cpp" "..\..\..\indie2dEngine-Core\Sources\CMaterialTemplateSerializer.cpp" "..\..\..\indie2dEngine-Core\Sources\CMesh.cpp" "..\..\..\indie2dEngine-Core\Sources\CMeshCommiter_MDL.cpp" "..\..\..\indie2dEngine-Core\Sources\CMeshLoader.cpp" "..\..\..\indie2dEngine-Core\Sources\CMeshLoadingOperation.cpp" "..\..\..\indie2dEngine-Core\Sources\CMeshSerializer_MDL.cpp" "..\..\..\indie2dEngine-Core\Sources\CModel.cpp" "..\..\..\indie2dEngine-Core\Sources\CModelTemplateLoader.cpp" "..\..\..\indie2dEngine-Core\Sources\CModelTemplateLoadingOperation.cpp" "..\..\..\indie2dEngine-Core\Sources\CModelTemplateSerializer.cpp" "..\..\..\indie2dEngine-Core\Sources\COGLWindow_win32.cpp" "..\..\..\indie2dEngine-Core\Sources\COcean.cpp" "..\..\..\indie2dEngine-Core\Sources\COceanTemplateLoader.cpp" "..\..\..\indie2dEngine-Core\Sources\COceanTemplateLoadingOperation.cpp" "..\..\..\indie2dEngine-Core\Sources\COceanTemplateSerializer.cpp" "..\..\..\indie2dEngine-Core\Sources\COutputRenderOperationTemplateLoadingOperation.cpp" "..\..\..\indie2dEngine-Core\Sources\COutputRenderOperationTemplateSerializer.cpp" "..\..\..\indie2dEngine-Core\Sources\CParticleEmitter.cpp" "..\..\..\indie2dEngine-Core\Sources\CParticleEmitterLoadingOperation.cpp" "..\..\..\indie2dEngine-Core\Sources\CParticleEmitterTemplateLoader.cpp" "..\..\..\indie2dEngine-Core\Sources\CParticleEmitterTemplateSerializer.cpp" "..\..\..\indie2dEngine-Core\Sources\CRenderMgr.cpp" "..\..\..\indie2dEngine-Core\Sources\CRenderOperationOutput.cpp" "..\..\..\indie2dEngine-Core\Sources\CRenderOperationScreenSpace.cpp" "..\..\..\indie2dEngine-Core\Sources\CRenderOperationWorldSpace.cpp" "..\..\..\indie2dEngine-Core\Sources\CResourceAccessor.cpp" "..\..\..\indie2dEngine-Core\Sources\CSceneFabricator.cpp" "..\..\..\indie2dEngine-Core\Sources\CSceneGraph.cpp" "..\..\..\indie2dEngine-Core\Sources\CSceneUpdateMgr.cpp" "..\..\..\indie2dEngine-Core\Sources\CScreenSpaceRenderOperationTemplateLoadingOperation.cpp" "..\..\..\indie2dEngine-Core\Sources\CScreenSpaceRenderOperationTemplateSerializer.cpp" "..\..\..\indie2dEngine-Core\Sources\CSequence.cpp" "..\..\..\indie2dEngine-Core\Sources\CSequenceCommiter_SEQ.cpp" "..\..\..\indie2dEngine-Core\Sources\CSequenceLoader.cpp" "..\..\..\indie2dEngine-Core\Sources\CSequenceLoadingOperation.cpp" "..\..\..\indie2dEngine-Core\Sources\CSequenceSerializer_SEQ.cpp" "..\..\..\indie2dEngine-Core\Sources\CShader.cpp" "..\..\..\indie2dEngine-Core\Sources\CShaderCommiter_GLSL.cpp" "..\..\..\indie2dEngine-Core\Sources\CShaderLoader.cpp" "..\..\..\indie2dEngine-Core\Sources\CShaderLoadingOperation.cpp" "..\..\..\indie2dEngine-Core\Sources\CShaderSerializer_GLSL.cpp" "..\..\..\indie2dEngine-Core\Sources\CShape.cpp" "..\..\..\indie2dEngine-Core\Sources\CSkeleton.cpp" "..\..\..\indie2dEngine-Core\Sources\CSkeletonCommiter_SK.cpp" "..\..\..\indie2dEngine-Core\Sources\CSkeletonLoader.cpp" "..\..\..\indie2dEngine-Core\Sources\CSkeletonLoadingOperation.cpp" "..\..\..\indie2dEngine-Core\Sources\CSkeletonSerializer_SK.cpp" "..\..\..\indie2dEngine-Core\Sources\CSprite.cpp" "..\..\..\indie2dEngine-Core\Sources\CTemplateAccessor.cpp" "..\..\..\indie2dEngine-Core\Sources\CTexture.cpp" "..\..\..\indie2dEngine-Core\Sources\CTextureCommiter_PVR.cpp" "..\..\..\indie2dEngine-Core\Sources\CTextureLoader.cpp" "..\..\..\indie2dEngine-Core\Sources\CTextureLoadingOperation.cpp" "..\..\..\indie2dEngine-Core\Sources\CTextureSerializer_PVR.cpp" "..\..\..\indie2dEngine-Core\Sources\CTimer.cpp" "..\..\..\indie2dEngine-Core\Sources\CVertexBuffer.cpp" "..\..\..\indie2dEngine-Core\Sources\CWorldSpaceRenderOperationTemplateLoadingOperation.cpp" "..\..\..\indie2dEngine-Core\Sources\CWorldSpaceRenderOperationTemplateSerializer.cpp" "..\..\..\indie2dEngine-Core\Sources\ICollisionHandler.cpp" "..\..\..\indie2dEngine-Core\Sources\IGUIControl.cpp" "..\..\..\indie2dEngine-Core\Sources\IGameLoopHandler.cpp" "..\..\..\indie2dEngine-Core\Sources\IGameObject.cpp" "..\..\..\indie2dEngine-Core\Sources\IGameTransition.cpp" "..\..\..\indie2dEngine-Core\Sources\IGameWorkflow.cpp" "..\..\..\indie2dEngine-Core\Sources\IGraphicsContext.cpp" "..\..\..\indie2dEngine-Core\Sources\IInputTapRecognizerHandler.cpp" "..\..\..\indie2dEngine-Core\Sources\IRenderHandler.cpp" "..\..\..\indie2dEngine-Core\Sources\IResource.cpp" "..\..\..\indie2dEngine-Core\Sources\IResourceCommiter.cpp" "..\..\..\indie2dEngine-Core\Sources\IResourceLoader.cpp" "..\..\..\indie2dEngine-Core\Sources\IResourceLoadingHandler.cpp" "..\..\..\indie2dEngine-Core\Sources\IResourceLoadingOperation.cpp" "..\..\..\indie2dEngine-Core\Sources\IResourceSerializer.cpp" "..\..\..\indie2dEngine-Core\Sources\IScene.cpp" "..\..\..\indie2dEngine-Core\Sources\ISceneUpdateHandler.cpp" "..\..\..\indie2dEngine-Core\Sources\ITemplate.cpp" "..\..\..\indie2dEngine-Core\Sources\ITemplateLoader.cpp" "..\..\..\indie2dEngine-Core\Sources\ITemplateLoadingHandler.cpp" "..\..\..\indie2dEngine-Core\Sources\ITemplateLoadingOperation.cpp" "..\..\..\indie2dEngine-Core\Sources\ITemplateSerializer.cpp" "..\..\..\indie2dEngine-Game\Source\CCharacterController.cpp" "..\..\..\indie2dEngine-Game\Source\CGameViewController_win32.cpp" "..\..\..\indie2dEngine-Game\Source\CKOTHInGameScene.cpp" "..\..\..\indie2dEngine-Game\Source\CKOTHInGameTransition.cpp" "..\..\..\indie2dEngine-Game\Source\CKOTHWorkflow.cpp" "..\..\..\indie2dEngine-Game\Source\CNavigator.cpp" "..\..\..\indie2dEngine-Game\Source\IMoveControllerHandler.cpp" "..\..\..\indie2dEngine-Game\Source\Win32-Main.cpp"
         gcdppImpl.cpp
         gcdppTask_t.cpp
         CGameTransitionTemplateLoadingOperation.cpp
     1>d:\hobby\indie2dengine\indie2dengine-core\sources\ITemplate.h(15): warning C4099: 'ITemplate' : type name first seen using 'class' now seen using 'struct'
                 d:\hobby\indie2dengine\indie2dengine-core\sources\ITemplateLoadingOperation.h(15) : see declaration of 'ITemplate'
         CGameTransitionTemplateSerializer.cpp
     1>d:\hobby\indie2dengine\indie2dengine-core\sources\ITemplate.h(15): warning C4099: 'ITemplate' : type name first seen using 'class' now seen using 'struct'
                 d:\hobby\indie2dengine\indie2dengine-core\sources\ITemplateSerializer.h(16) : see declaration of 'ITemplate'
         CGraphicsContext_win32.cpp
         CIndexBuffer.cpp
         CInputContext_Win32.cpp
         CLight.cpp
         CMaterial.cpp
     1>d:\hobby\indie2dengine\indie2dengine-core\sources\IResource.h(53): warning C4800: 'int' : forcing value to bool 'true' or 'false' (performance warning)
     1>d:\hobby\indie2dengine\indie2dengine-core\sources\IResource.h(58): warning C4800: 'int' : forcing value to bool 'true' or 'false' (performance warning)
         CMaterialTemplateLoadingOperation.cpp
     1>d:\hobby\indie2dengine\indie2dengine-core\sources\ITemplate.h(15): warning C4099: 'ITemplate' : type name first seen using 'class' now seen using 'struct'
                 d:\hobby\indie2dengine\indie2dengine-core\sources\ITemplateLoadingOperation.h(15) : see declaration of 'ITemplate'
         CMaterialTemplateSerializer.cpp
     1>d:\hobby\indie2dengine\indie2dengine-core\sources\ITemplate.h(15): warning C4099: 'ITemplate' : type name first seen using 'class' now seen using 'struct'
                 d:\hobby\indie2dengine\indie2dengine-core\sources\ITemplateSerializer.h(16) : see declaration of 'ITemplate'
         CMesh.cpp
     1>d:\hobby\indie2dengine\indie2dengine-core\sources\IResource.h(53): warning C4800: 'int' : forcing value to bool 'true' or 'false' (performance warning)
     1>d:\hobby\indie2dengine\indie2dengine-core\sources\IResource.h(58): warning C4800: 'int' : forcing value to bool 'true' or 'false' (performance warning)
         CMeshCommiter_MDL.cpp
     1>d:\hobby\indie2dengine\indie2dengine-core\sources\IResource.h(53): warning C4800: 'int' : forcing value to bool 'true' or 'false' (performance warning)
     1>d:\hobby\indie2dengine\indie2dengine-core\sources\IResource.h(58): warning C4800: 'int' : forcing value to bool 'true' or 'false' (performance warning)
         CMeshLoader.cpp
     1>d:\hobby\indie2dengine\indie2dengine-core\sources\IResource.h(53): warning C4800: 'int' : forcing value to bool 'true' or 'false' (performance warning)
     1>d:\hobby\indie2dengine\indie2dengine-core\sources\IResource.h(58): warning C4800: 'int' : forcing value to bool 'true' or 'false' (performance warning)
         CMeshLoadingOperation.cpp
     1>d:\hobby\indie2dengine\indie2dengine-core\sources\IResource.h(53): warning C4800: 'int' : forcing value to bool 'true' or 'false' (performance warning)
     1>d:\hobby\indie2dengine\indie2dengine-core\sources\IResource.h(58): warning C4800: 'int' : forcing value to bool 'true' or 'false' (performance warning)
         CMeshSerializer_MDL.cpp
     1>d:\hobby\indie2dengine\indie2dengine-core\sources\IResource.h(53): warning C4800: 'int' : forcing value to bool 'true' or 'false' (performance warning)
     1>d:\hobby\indie2dengine\indie2dengine-core\sources\IResource.h(58): warning C4800: 'int' : forcing value to bool 'true' or 'false' (performance warning)
     1>..\..\..\indie2dEngine-Core\Sources\CMeshSerializer_MDL.cpp(67): warning C4018: '<' : signed/unsigned mismatch
         CModel.cpp
     1>d:\hobby\indie2dengine\indie2dengine-core\sources\IResource.h(53): warning C4800: 'int' : forcing value to bool 'true' or 'false' (performance warning)
     1>d:\hobby\indie2dengine\indie2dengine-core\sources\IResource.h(58): warning C4800: 'int' : forcing value to bool 'true' or 'false' (performance warning)
     1>d:\hobby\indie2dengine\indie2dengine-core\sources\ITemplate.h(15): warning C4099: 'ITemplate' : type name first seen using 'class' now seen using 'struct'
                 d:\hobby\indie2dengine\indie2dengine-core\sources\ITemplateLoadingHandler.h(14) : see declaration of 'ITemplate'
         CModelTemplateLoader.cpp
     1>d:\hobby\indie2dengine\indie2dengine-core\sources\ITemplate.h(15): warning C4099: 'ITemplate' : type name first seen using 'class' now seen using 'struct'
                 d:\hobby\indie2dengine\indie2dengine-core\sources\ITemplateLoadingOperation.h(15) : see declaration of 'ITemplate'
     1>d:\hobby\indie2dengine\indie2dengine-core\sources\ITemplateLoadingHandler.h(14): warning C4099: 'ITemplate' : type name first seen using 'struct' now seen using 'class'
                 d:\hobby\indie2dengine\indie2dengine-core\sources\ITemplate.h(15) : see declaration of 'ITemplate'
         CModelTemplateLoadingOperation.cpp
     1>d:\hobby\indie2dengine\indie2dengine-core\sources\ITemplate.h(15): warning C4099: 'ITemplate' : type name first seen using 'class' now seen using 'struct'
                 d:\hobby\indie2dengine\indie2dengine-core\sources\ITemplateLoadingOperation.h(15) : see declaration of 'ITemplate'
         CModelTemplateSerializer.cpp
     1>d:\hobby\indie2dengine\indie2dengine-core\sources\ITemplate.h(15): warning C4099: 'ITemplate' : type name first seen using 'class' now seen using 'struct'
                 d:\hobby\indie2dengine\indie2dengine-core\sources\ITemplateSerializer.h(16) : see declaration of 'ITemplate'
         Compiling...
         COGLWindow_win32.cpp
         COcean.cpp
     1>d:\hobby\indie2dengine\indie2dengine-core\sources\IResource.h(53): warning C4800: 'int' : forcing value to bool 'true' or 'false' (performance warning)
     1>d:\hobby\indie2dengine\indie2dengine-core\sources\IResource.h(58): warning C4800: 'int' : forcing value to bool 'true' or 'false' (performance warning)
     1>d:\hobby\indie2dengine\indie2dengine-core\sources\ITemplate.h(15): warning C4099: 'ITemplate' : type name first seen using 'class' now seen using 'struct'
                 d:\hobby\indie2dengine\indie2dengine-core\sources\ITemplateLoadingHandler.h(14) : see declaration of 'ITemplate'
     1>..\..\..\indie2dEngine-Core\Sources\COcean.cpp(38): warning C4244: '=' : conversion from 'ui32' to 'f32', possible loss of data
     1>..\..\..\indie2dEngine-Core\Sources\COcean.cpp(39): warning C4244: '=' : conversion from 'ui32' to 'f32', possible loss of data
         COceanTemplateLoader.cpp
     1>d:\hobby\indie2dengine\indie2dengine-core\sources\ITemplate.h(15): warning C4099: 'ITemplate' : type name first seen using 'class' now seen using 'struct'
                 d:\hobby\indie2dengine\indie2dengine-core\sources\ITemplateLoadingOperation.h(15) : see declaration of 'ITemplate'
     1>d:\hobby\indie2dengine\indie2dengine-core\sources\ITemplateLoadingHandler.h(14): warning C4099: 'ITemplate' : type name first seen using 'struct' now seen using 'class'
                 d:\hobby\indie2dengine\indie2dengine-core\sources\ITemplate.h(15) : see declaration of 'ITemplate'
         COceanTemplateLoadingOperation.cpp
     1>d:\hobby\indie2dengine\indie2dengine-core\sources\ITemplate.h(15): warning C4099: 'ITemplate' : type name first seen using 'class' now seen using 'struct'
                 d:\hobby\indie2dengine\indie2dengine-core\sources\ITemplateLoadingOperation.h(15) : see declaration of 'ITemplate'
         COceanTemplateSerializer.cpp
     1>d:\hobby\indie2dengine\indie2dengine-core\sources\ITemplate.h(15): warning C4099: 'ITemplate' : type name first seen using 'class' now seen using 'struct'
                 d:\hobby\indie2dengine\indie2dengine-core\sources\ITemplateSerializer.h(16) : see declaration of 'ITemplate'
     1>..\..\..\indie2dEngine-Core\Sources\COceanTemplateSerializer.cpp(33): warning C4244: '=' : conversion from 'float' to 'ui32', possible loss of data
     1>..\..\..\indie2dEngine-Core\Sources\COceanTemplateSerializer.cpp(34): warning C4244: '=' : conversion from 'float' to 'ui32', possible loss of data
         COutputRenderOperationTemplateLoadingOperation.cpp
     1>d:\hobby\indie2dengine\indie2dengine-core\sources\ITemplate.h(15): warning C4099: 'ITemplate' : type name first seen using 'class' now seen using 'struct'
                 d:\hobby\indie2dengine\indie2dengine-core\sources\ITemplateLoadingOperation.h(15) : see declaration of 'ITemplate'
         COutputRenderOperationTemplateSerializer.cpp
     1>d:\hobby\indie2dengine\indie2dengine-core\sources\ITemplate.h(15): warning C4099: 'ITemplate' : type name first seen using 'class' now seen using 'struct'
                 d:\hobby\indie2dengine\indie2dengine-core\sources\ITemplateSerializer.h(16) : see declaration of 'ITemplate'
         CParticleEmitter.cpp
     1>d:\hobby\indie2dengine\indie2dengine-core\sources\IResource.h(53): warning C4800: 'int' : forcing value to bool 'true' or 'false' (performance warning)
     1>d:\hobby\indie2dengine\indie2dengine-core\sources\IResource.h(58): warning C4800: 'int' : forcing value to bool 'true' or 'false' (performance warning)
     1>d:\hobby\indie2dengine\indie2dengine-core\sources\ITemplate.h(15): warning C4099: 'ITemplate' : type name first seen using 'class' now seen using 'struct'
                 d:\hobby\indie2dengine\indie2dengine-core\sources\ITemplateLoadingHandler.h(14) : see declaration of 'ITemplate'
     1>..\..\..\indie2dEngine-Core\Sources\CParticleEmitter.cpp(97): warning C4244: '=' : conversion from 'ui64' to 'f32', possible loss of data
     1>..\..\..\indie2dEngine-Core\Sources\CParticleEmitter.cpp(123): warning C4244: 'initializing' : conversion from 'ui64' to 'f32', possible loss of data
         CParticleEmitterLoadingOperation.cpp
     1>d:\hobby\indie2dengine\indie2dengine-core\sources\ITemplate.h(15): warning C4099: 'ITemplate' : type name first seen using 'class' now seen using 'struct'
                 d:\hobby\indie2dengine\indie2dengine-core\sources\ITemplateLoadingOperation.h(15) : see declaration of 'ITemplate'
         CParticleEmitterTemplateLoader.cpp
     1>d:\hobby\indie2dengine\indie2dengine-core\sources\ITemplate.h(15): warning C4099: 'ITemplate' : type name first seen using 'class' now seen using 'struct'
                 d:\hobby\indie2dengine\indie2dengine-core\sources\ITemplateLoadingOperation.h(15) : see declaration of 'ITemplate'
     1>d:\hobby\indie2dengine\indie2dengine-core\sources\ITemplateLoadingHandler.h(14): warning C4099: 'ITemplate' : type name first seen using 'struct' now seen using 'class'
                 d:\hobby\indie2dengine\indie2dengine-core\sources\ITemplate.h(15) : see declaration of 'ITemplate'
         CParticleEmitterTemplateSerializer.cpp
     1>d:\hobby\indie2dengine\indie2dengine-core\sources\ITemplate.h(15): warning C4099: 'ITemplate' : type name first seen using 'class' now seen using 'struct'
                 d:\hobby\indie2dengine\indie2dengine-core\sources\ITemplateSerializer.h(16) : see declaration of 'ITemplate'
     1>..\..\..\indie2dEngine-Core\Sources\CParticleEmitterTemplateSerializer.cpp(34): warning C4244: '=' : conversion from 'unsigned int' to 'f32', possible loss of data
     1>..\..\..\indie2dEngine-Core\Sources\CParticleEmitterTemplateSerializer.cpp(35): warning C4244: '=' : conversion from 'unsigned int' to 'f32', possible loss of data
     1>..\..\..\indie2dEngine-Core\Sources\CParticleEmitterTemplateSerializer.cpp(45): warning C4244: '=' : conversion from 'float' to 'unsigned char', possible loss of data
     1>..\..\..\indie2dEngine-Core\Sources\CParticleEmitterTemplateSerializer.cpp(46): warning C4244: '=' : conversion from 'float' to 'unsigned char', possible loss of data
     1>..\..\..\indie2dEngine-Core\Sources\CParticleEmitterTemplateSerializer.cpp(47): warning C4244: '=' : conversion from 'float' to 'unsigned char', possible loss of data
     1>..\..\..\indie2dEngine-Core\Sources\CParticleEmitterTemplateSerializer.cpp(48): warning C4244: '=' : conversion from 'float' to 'unsigned char', possible loss of data
     1>..\..\..\indie2dEngine-Core\Sources\CParticleEmitterTemplateSerializer.cpp(49): warning C4244: '=' : conversion from 'float' to 'unsigned char', possible loss of data
     1>..\..\..\indie2dEngine-Core\Sources\CParticleEmitterTemplateSerializer.cpp(50): warning C4244: '=' : conversion from 'float' to 'unsigned char', possible loss of data
     1>..\..\..\indie2dEngine-Core\Sources\CParticleEmitterTemplateSerializer.cpp(51): warning C4244: '=' : conversion from 'float' to 'unsigned char', possible loss of data
     1>..\..\..\indie2dEngine-Core\Sources\CParticleEmitterTemplateSerializer.cpp(52): warning C4244: '=' : conversion from 'float' to 'unsigned char', possible loss of data
     1>..\..\..\indie2dEngine-Core\Sources\CParticleEmitterTemplateSerializer.cpp(57): warning C4244: '=' : conversion from 'unsigned int' to 'f32', possible loss of data
     1>..\..\..\indie2dEngine-Core\Sources\CParticleEmitterTemplateSerializer.cpp(58): warning C4244: '=' : conversion from 'unsigned int' to 'f32', possible loss of data
         CRenderMgr.cpp
     1>d:\hobby\indie2dengine\indie2dengine-core\sources\IResource.h(53): warning C4800: 'int' : forcing value to bool 'true' or 'false' (performance warning)
     1>d:\hobby\indie2dengine\indie2dengine-core\sources\IResource.h(58): warning C4800: 'int' : forcing value to bool 'true' or 'false' (performance warning)
         CRenderOperationOutput.cpp
     1>d:\hobby\indie2dengine\indie2dengine-core\sources\IResource.h(53): warning C4800: 'int' : forcing value to bool 'true' or 'false' (performance warning)
     1>d:\hobby\indie2dengine\indie2dengine-core\sources\IResource.h(58): warning C4800: 'int' : forcing value to bool 'true' or 'false' (performance warning)
         CRenderOperationScreenSpace.cpp
     1>d:\hobby\indie2dengine\indie2dengine-core\sources\IResource.h(53): warning C4800: 'int' : forcing value to bool 'true' or 'false' (performance warning)
     1>d:\hobby\indie2dengine\indie2dengine-core\sources\IResource.h(58): warning C4800: 'int' : forcing value to bool 'true' or 'false' (performance warning)
         CRenderOperationWorldSpace.cpp
     1>d:\hobby\indie2dengine\indie2dengine-core\sources\IResource.h(53): warning C4800: 'int' : forcing value to bool 'true' or 'false' (performance warning)
     1>d:\hobby\indie2dengine\indie2dengine-core\sources\IResource.h(58): warning C4800: 'int' : forcing value to bool 'true' or 'false' (performance warning)
         CResourceAccessor.cpp
         CSceneFabricator.cpp
         CSceneGraph.cpp
     1>C:\Program Files (x86)\Microsoft Visual Studio 11.0\VC\include\memory(713): warning C4150: deletion of pointer to incomplete type 'CLight'; no destructor called
                 d:\hobby\indie2dengine\indie2dengine-core\sources\CSceneGraph.h(16) : see declaration of 'CLight'
                 C:\Program Files (x86)\Microsoft Visual Studio 11.0\VC\include\memory(501) : see reference to function template instantiation 'void std::shared_ptr<CLight>::_Resetp<_Ty>(_Ux *)' being compiled
                 with
                 [
                     _Ty=CLight
         ,            _Ux=CLight
                 ]
                 C:\Program Files (x86)\Microsoft Visual Studio 11.0\VC\include\memory(501) : see reference to function template instantiation 'void std::shared_ptr<CLight>::_Resetp<_Ty>(_Ux *)' being compiled
                 with
                 [
                     _Ty=CLight
         ,            _Ux=CLight
                 ]
                 C:\Program Files (x86)\Microsoft Visual Studio 11.0\VC\include\memory(499) : while compiling class template member function 'std::shared_ptr<CLight>::shared_ptr(std::nullptr_t)'
                 ..\..\..\indie2dEngine-Core\Sources\CSceneGraph.cpp(30) : see reference to function template instantiation 'std::shared_ptr<CLight>::shared_ptr(std::nullptr_t)' being compiled
                 d:\hobby\indie2dengine\indie2dengine-core\sources\CSceneGraph.h(34) : see reference to class template instantiation 'std::shared_ptr<CLight>' being compiled
     1>C:\Program Files (x86)\Microsoft Visual Studio 11.0\VC\include\memory(713): warning C4150: deletion of pointer to incomplete type 'CRenderMgr'; no destructor called
                 d:\hobby\indie2dengine\indie2dengine-core\sources\CSceneGraph.h(23) : see declaration of 'CRenderMgr'
                 C:\Program Files (x86)\Microsoft Visual Studio 11.0\VC\include\memory(501) : see reference to function template instantiation 'void std::shared_ptr<CRenderMgr>::_Resetp<_Ty>(_Ux *)' being compiled
                 with
                 [
                     _Ty=CRenderMgr
         ,            _Ux=CRenderMgr
                 ]
                 C:\Program Files (x86)\Microsoft Visual Studio 11.0\VC\include\memory(501) : see reference to function template instantiation 'void std::shared_ptr<CRenderMgr>::_Resetp<_Ty>(_Ux *)' being compiled
                 with
                 [
                     _Ty=CRenderMgr
         ,            _Ux=CRenderMgr
                 ]
                 C:\Program Files (x86)\Microsoft Visual Studio 11.0\VC\include\memory(499) : while compiling class template member function 'std::shared_ptr<CRenderMgr>::shared_ptr(std::nullptr_t)'
                 ..\..\..\indie2dEngine-Core\Sources\CSceneGraph.cpp(27) : see reference to function template instantiation 'std::shared_ptr<CRenderMgr>::shared_ptr(std::nullptr_t)' being compiled
                 d:\hobby\indie2dengine\indie2dengine-core\sources\CSceneGraph.h(46) : see reference to class template instantiation 'std::shared_ptr<CRenderMgr>' being compiled
     1>C:\Program Files (x86)\Microsoft Visual Studio 11.0\VC\include\memory(713): warning C4150: deletion of pointer to incomplete type 'IInputContext'; no destructor called
                 d:\hobby\indie2dengine\indie2dengine-core\sources\CSceneGraph.h(27) : see declaration of 'IInputContext'
                 C:\Program Files (x86)\Microsoft Visual Studio 11.0\VC\include\memory(501) : see reference to function template instantiation 'void std::shared_ptr<IInputContext>::_Resetp<_Ty>(_Ux *)' being compiled
                 with
                 [
                     _Ty=IInputContext
         ,            _Ux=IInputContext
                 ]
                 C:\Program Files (x86)\Microsoft Visual Studio 11.0\VC\include\memory(501) : see reference to function template instantiation 'void std::shared_ptr<IInputContext>::_Resetp<_Ty>(_Ux *)' being compiled
                 with
                 [
                     _Ty=IInputContext
         ,            _Ux=IInputContext
                 ]
                 C:\Program Files (x86)\Microsoft Visual Studio 11.0\VC\include\memory(499) : while compiling class template member function 'std::shared_ptr<IInputContext>::shared_ptr(std::nullptr_t)'
                 ..\..\..\indie2dEngine-Core\Sources\CSceneGraph.cpp(27) : see reference to function template instantiation 'std::shared_ptr<IInputContext>::shared_ptr(std::nullptr_t)' being compiled
                 d:\hobby\indie2dengine\indie2dengine-core\sources\CSceneGraph.h(49) : see reference to class template instantiation 'std::shared_ptr<IInputContext>' being compiled
     1>C:\Program Files (x86)\Microsoft Visual Studio 11.0\VC\include\memory(161): warning C4150: deletion of pointer to incomplete type 'CLight'; no destructor called
                 d:\hobby\indie2dengine\indie2dengine-core\sources\CSceneGraph.h(16) : see declaration of 'CLight'
                 C:\Program Files (x86)\Microsoft Visual Studio 11.0\VC\include\memory(160) : while compiling class template member function 'void std::_Ref_count<_Ux>::_Destroy(void)'
                 with
                 [
                     _Ux=CLight
                 ]
                 C:\Program Files (x86)\Microsoft Visual Studio 11.0\VC\include\memory(711) : see reference to class template instantiation 'std::_Ref_count<_Ux>' being compiled
                 with
                 [
                     _Ux=CLight
                 ]
                 C:\Program Files (x86)\Microsoft Visual Studio 11.0\VC\include\memory(501) : see reference to function template instantiation 'void std::shared_ptr<CLight>::_Resetp<_Ty>(_Ux *)' being compiled
                 with
                 [
                     _Ty=CLight
         ,            _Ux=CLight
                 ]
                 C:\Program Files (x86)\Microsoft Visual Studio 11.0\VC\include\memory(501) : see reference to function template instantiation 'void std::shared_ptr<CLight>::_Resetp<_Ty>(_Ux *)' being compiled
                 with
                 [
                     _Ty=CLight
         ,            _Ux=CLight
                 ]
     1>C:\Program Files (x86)\Microsoft Visual Studio 11.0\VC\include\memory(161): warning C4150: deletion of pointer to incomplete type 'CRenderMgr'; no destructor called
                 d:\hobby\indie2dengine\indie2dengine-core\sources\CSceneGraph.h(23) : see declaration of 'CRenderMgr'
                 C:\Program Files (x86)\Microsoft Visual Studio 11.0\VC\include\memory(160) : while compiling class template member function 'void std::_Ref_count<_Ux>::_Destroy(void)'
                 with
                 [
                     _Ux=CRenderMgr
                 ]
                 C:\Program Files (x86)\Microsoft Visual Studio 11.0\VC\include\memory(711) : see reference to class template instantiation 'std::_Ref_count<_Ux>' being compiled
                 with
                 [
                     _Ux=CRenderMgr
                 ]
                 C:\Program Files (x86)\Microsoft Visual Studio 11.0\VC\include\memory(501) : see reference to function template instantiation 'void std::shared_ptr<CRenderMgr>::_Resetp<_Ty>(_Ux *)' being compiled
                 with
                 [
                     _Ty=CRenderMgr
         ,            _Ux=CRenderMgr
                 ]
                 C:\Program Files (x86)\Microsoft Visual Studio 11.0\VC\include\memory(501) : see reference to function template instantiation 'void std::shared_ptr<CRenderMgr>::_Resetp<_Ty>(_Ux *)' being compiled
                 with
                 [
                     _Ty=CRenderMgr
         ,            _Ux=CRenderMgr
                 ]
     1>C:\Program Files (x86)\Microsoft Visual Studio 11.0\VC\include\memory(161): warning C4150: deletion of pointer to incomplete type 'IInputContext'; no destructor called
                 d:\hobby\indie2dengine\indie2dengine-core\sources\CSceneGraph.h(27) : see declaration of 'IInputContext'
                 C:\Program Files (x86)\Microsoft Visual Studio 11.0\VC\include\memory(160) : while compiling class template member function 'void std::_Ref_count<_Ux>::_Destroy(void)'
                 with
                 [
                     _Ux=IInputContext
                 ]
                 C:\Program Files (x86)\Microsoft Visual Studio 11.0\VC\include\memory(711) : see reference to class template instantiation 'std::_Ref_count<_Ux>' being compiled
                 with
                 [
                     _Ux=IInputContext
                 ]
                 C:\Program Files (x86)\Microsoft Visual Studio 11.0\VC\include\memory(501) : see reference to function template instantiation 'void std::shared_ptr<IInputContext>::_Resetp<_Ty>(_Ux *)' being compiled
                 with
                 [
                     _Ty=IInputContext
         ,            _Ux=IInputContext
                 ]
                 C:\Program Files (x86)\Microsoft Visual Studio 11.0\VC\include\memory(501) : see reference to function template instantiation 'void std::shared_ptr<IInputContext>::_Resetp<_Ty>(_Ux *)' being compiled
                 with
                 [
                     _Ty=IInputContext
         ,            _Ux=IInputContext
                 ]
         CSceneUpdateMgr.cpp
         CScreenSpaceRenderOperationTemplateLoadingOperation.cpp
     1>d:\hobby\indie2dengine\indie2dengine-core\sources\ITemplate.h(15): warning C4099: 'ITemplate' : type name first seen using 'class' now seen using 'struct'
                 d:\hobby\indie2dengine\indie2dengine-core\sources\ITemplateLoadingOperation.h(15) : see declaration of 'ITemplate'
         Compiling...
         CScreenSpaceRenderOperationTemplateSerializer.cpp
     1>d:\hobby\indie2dengine\indie2dengine-core\sources\ITemplate.h(15): warning C4099: 'ITemplate' : type name first seen using 'class' now seen using 'struct'
                 d:\hobby\indie2dengine\indie2dengine-core\sources\ITemplateSerializer.h(16) : see declaration of 'ITemplate'
         CSequence.cpp
     1>d:\hobby\indie2dengine\indie2dengine-core\sources\IResource.h(53): warning C4800: 'int' : forcing value to bool 'true' or 'false' (performance warning)
     1>d:\hobby\indie2dengine\indie2dengine-core\sources\IResource.h(58): warning C4800: 'int' : forcing value to bool 'true' or 'false' (performance warning)
         CSequenceCommiter_SEQ.cpp
     1>d:\hobby\indie2dengine\indie2dengine-core\sources\IResource.h(53): warning C4800: 'int' : forcing value to bool 'true' or 'false' (performance warning)
     1>d:\hobby\indie2dengine\indie2dengine-core\sources\IResource.h(58): warning C4800: 'int' : forcing value to bool 'true' or 'false' (performance warning)
         CSequenceLoader.cpp
     1>d:\hobby\indie2dengine\indie2dengine-core\sources\IResource.h(53): warning C4800: 'int' : forcing value to bool 'true' or 'false' (performance warning)
     1>d:\hobby\indie2dengine\indie2dengine-core\sources\IResource.h(58): warning C4800: 'int' : forcing value to bool 'true' or 'false' (performance warning)
         CSequenceLoadingOperation.cpp
     1>d:\hobby\indie2dengine\indie2dengine-core\sources\IResource.h(53): warning C4800: 'int' : forcing value to bool 'true' or 'false' (performance warning)
     1>d:\hobby\indie2dengine\indie2dengine-core\sources\IResource.h(58): warning C4800: 'int' : forcing value to bool 'true' or 'false' (performance warning)
         CSequenceSerializer_SEQ.cpp
     1>d:\hobby\indie2dengine\indie2dengine-core\sources\IResource.h(53): warning C4800: 'int' : forcing value to bool 'true' or 'false' (performance warning)
     1>d:\hobby\indie2dengine\indie2dengine-core\sources\IResource.h(58): warning C4800: 'int' : forcing value to bool 'true' or 'false' (performance warning)
         CShader.cpp
     1>d:\hobby\indie2dengine\indie2dengine-core\sources\IResource.h(53): warning C4800: 'int' : forcing value to bool 'true' or 'false' (performance warning)
     1>d:\hobby\indie2dengine\indie2dengine-core\sources\IResource.h(58): warning C4800: 'int' : forcing value to bool 'true' or 'false' (performance warning)
         CShaderCommiter_GLSL.cpp
     1>d:\hobby\indie2dengine\indie2dengine-core\sources\IResource.h(53): warning C4800: 'int' : forcing value to bool 'true' or 'false' (performance warning)
     1>d:\hobby\indie2dengine\indie2dengine-core\sources\IResource.h(58): warning C4800: 'int' : forcing value to bool 'true' or 'false' (performance warning)
         CShaderLoader.cpp
     1>d:\hobby\indie2dengine\indie2dengine-core\sources\IResource.h(53): warning C4800: 'int' : forcing value to bool 'true' or 'false' (performance warning)
     1>d:\hobby\indie2dengine\indie2dengine-core\sources\IResource.h(58): warning C4800: 'int' : forcing value to bool 'true' or 'false' (performance warning)
         CShaderLoadingOperation.cpp
     1>d:\hobby\indie2dengine\indie2dengine-core\sources\IResource.h(53): warning C4800: 'int' : forcing value to bool 'true' or 'false' (performance warning)
     1>d:\hobby\indie2dengine\indie2dengine-core\sources\IResource.h(58): warning C4800: 'int' : forcing value to bool 'true' or 'false' (performance warning)
         CShaderSerializer_GLSL.cpp
     1>d:\hobby\indie2dengine\indie2dengine-core\sources\IResource.h(53): warning C4800: 'int' : forcing value to bool 'true' or 'false' (performance warning)
     1>d:\hobby\indie2dengine\indie2dengine-core\sources\IResource.h(58): warning C4800: 'int' : forcing value to bool 'true' or 'false' (performance warning)
         CShape.cpp
         CSkeleton.cpp
     1>d:\hobby\indie2dengine\indie2dengine-core\sources\IResource.h(53): warning C4800: 'int' : forcing value to bool 'true' or 'false' (performance warning)
     1>d:\hobby\indie2dengine\indie2dengine-core\sources\IResource.h(58): warning C4800: 'int' : forcing value to bool 'true' or 'false' (performance warning)
         CSkeletonCommiter_SK.cpp
     1>d:\hobby\indie2dengine\indie2dengine-core\sources\IResource.h(53): warning C4800: 'int' : forcing value to bool 'true' or 'false' (performance warning)
     1>d:\hobby\indie2dengine\indie2dengine-core\sources\IResource.h(58): warning C4800: 'int' : forcing value to bool 'true' or 'false' (performance warning)
         CSkeletonLoader.cpp
     1>d:\hobby\indie2dengine\indie2dengine-core\sources\IResource.h(53): warning C4800: 'int' : forcing value to bool 'true' or 'false' (performance warning)
     1>d:\hobby\indie2dengine\indie2dengine-core\sources\IResource.h(58): warning C4800: 'int' : forcing value to bool 'true' or 'false' (performance warning)
         CSkeletonLoadingOperation.cpp
     1>d:\hobby\indie2dengine\indie2dengine-core\sources\IResource.h(53): warning C4800: 'int' : forcing value to bool 'true' or 'false' (performance warning)
     1>d:\hobby\indie2dengine\indie2dengine-core\sources\IResource.h(58): warning C4800: 'int' : forcing value to bool 'true' or 'false' (performance warning)
         CSkeletonSerializer_SK.cpp
     1>d:\hobby\indie2dengine\indie2dengine-core\sources\IResource.h(53): warning C4800: 'int' : forcing value to bool 'true' or 'false' (performance warning)
     1>d:\hobby\indie2dengine\indie2dengine-core\sources\IResource.h(58): warning C4800: 'int' : forcing value to bool 'true' or 'false' (performance warning)
         CSprite.cpp
         CTemplateAccessor.cpp
         CTexture.cpp
     1>d:\hobby\indie2dengine\indie2dengine-core\sources\IResource.h(53): warning C4800: 'int' : forcing value to bool 'true' or 'false' (performance warning)
     1>d:\hobby\indie2dengine\indie2dengine-core\sources\IResource.h(58): warning C4800: 'int' : forcing value to bool 'true' or 'false' (performance warning)
         Compiling...
         CTextureCommiter_PVR.cpp
     1>d:\hobby\indie2dengine\indie2dengine-core\sources\IResource.h(53): warning C4800: 'int' : forcing value to bool 'true' or 'false' (performance warning)
     1>d:\hobby\indie2dengine\indie2dengine-core\sources\IResource.h(58): warning C4800: 'int' : forcing value to bool 'true' or 'false' (performance warning)
         CTextureLoader.cpp
     1>d:\hobby\indie2dengine\indie2dengine-core\sources\IResource.h(53): warning C4800: 'int' : forcing value to bool 'true' or 'false' (performance warning)
     1>d:\hobby\indie2dengine\indie2dengine-core\sources\IResource.h(58): warning C4800: 'int' : forcing value to bool 'true' or 'false' (performance warning)
         CTextureLoadingOperation.cpp
     1>d:\hobby\indie2dengine\indie2dengine-core\sources\IResource.h(53): warning C4800: 'int' : forcing value to bool 'true' or 'false' (performance warning)
     1>d:\hobby\indie2dengine\indie2dengine-core\sources\IResource.h(58): warning C4800: 'int' : forcing value to bool 'true' or 'false' (performance warning)
         CTextureSerializer_PVR.cpp
     1>d:\hobby\indie2dengine\indie2dengine-core\sources\IResource.h(53): warning C4800: 'int' : forcing value to bool 'true' or 'false' (performance warning)
     1>d:\hobby\indie2dengine\indie2dengine-core\sources\IResource.h(58): warning C4800: 'int' : forcing value to bool 'true' or 'false' (performance warning)
     1>..\..\..\indie2dEngine-Core\Sources\CTextureSerializer_PVR.cpp(44): warning C4244: 'initializing' : conversion from 'std::streamoff' to 'i32', possible loss of data
         CTimer.cpp
         CVertexBuffer.cpp
         CWorldSpaceRenderOperationTemplateLoadingOperation.cpp
     1>d:\hobby\indie2dengine\indie2dengine-core\sources\ITemplate.h(15): warning C4099: 'ITemplate' : type name first seen using 'class' now seen using 'struct'
                 d:\hobby\indie2dengine\indie2dengine-core\sources\ITemplateLoadingOperation.h(15) : see declaration of 'ITemplate'
         CWorldSpaceRenderOperationTemplateSerializer.cpp
     1>d:\hobby\indie2dengine\indie2dengine-core\sources\ITemplate.h(15): warning C4099: 'ITemplate' : type name first seen using 'class' now seen using 'struct'
                 d:\hobby\indie2dengine\indie2dengine-core\sources\ITemplateSerializer.h(16) : see declaration of 'ITemplate'
         ICollisionHandler.cpp
         IGUIControl.cpp
         IGameLoopHandler.cpp
         IGameObject.cpp
     1>d:\hobby\indie2dengine\indie2dengine-core\sources\IResource.h(53): warning C4800: 'int' : forcing value to bool 'true' or 'false' (performance warning)
     1>d:\hobby\indie2dengine\indie2dengine-core\sources\IResource.h(58): warning C4800: 'int' : forcing value to bool 'true' or 'false' (performance warning)
     1>C:\Program Files (x86)\Microsoft Visual Studio 11.0\VC\include\memory(713): warning C4150: deletion of pointer to incomplete type 'CLight'; no destructor called
                 d:\hobby\indie2dengine\indie2dengine-core\sources\IGameObject.h(20) : see declaration of 'CLight'
                 C:\Program Files (x86)\Microsoft Visual Studio 11.0\VC\include\memory(501) : see reference to function template instantiation 'void std::shared_ptr<CLight>::_Resetp<_Ty>(_Ux *)' being compiled
                 with
                 [
                     _Ty=CLight
         ,            _Ux=CLight
                 ]
                 C:\Program Files (x86)\Microsoft Visual Studio 11.0\VC\include\memory(501) : see reference to function template instantiation 'void std::shared_ptr<CLight>::_Resetp<_Ty>(_Ux *)' being compiled
                 with
                 [
                     _Ty=CLight
         ,            _Ux=CLight
                 ]
                 C:\Program Files (x86)\Microsoft Visual Studio 11.0\VC\include\memory(499) : while compiling class template member function 'std::shared_ptr<CLight>::shared_ptr(std::nullptr_t)'
                 ..\..\..\indie2dEngine-Core\Sources\IGameObject.cpp(39) : see reference to function template instantiation 'std::shared_ptr<CLight>::shared_ptr(std::nullptr_t)' being compiled
                 d:\hobby\indie2dengine\indie2dengine-core\sources\IGameObject.h(57) : see reference to class template instantiation 'std::shared_ptr<CLight>' being compiled
     1>C:\Program Files (x86)\Microsoft Visual Studio 11.0\VC\include\memory(161): warning C4150: deletion of pointer to incomplete type 'CLight'; no destructor called
                 d:\hobby\indie2dengine\indie2dengine-core\sources\IGameObject.h(20) : see declaration of 'CLight'
                 C:\Program Files (x86)\Microsoft Visual Studio 11.0\VC\include\memory(160) : while compiling class template member function 'void std::_Ref_count<_Ux>::_Destroy(void)'
                 with
                 [
                     _Ux=CLight
                 ]
                 C:\Program Files (x86)\Microsoft Visual Studio 11.0\VC\include\memory(711) : see reference to class template instantiation 'std::_Ref_count<_Ux>' being compiled
                 with
                 [
                     _Ux=CLight
                 ]
                 C:\Program Files (x86)\Microsoft Visual Studio 11.0\VC\include\memory(501) : see reference to function template instantiation 'void std::shared_ptr<CLight>::_Resetp<_Ty>(_Ux *)' being compiled
                 with
                 [
                     _Ty=CLight
         ,            _Ux=CLight
                 ]
                 C:\Program Files (x86)\Microsoft Visual Studio 11.0\VC\include\memory(501) : see reference to function template instantiation 'void std::shared_ptr<CLight>::_Resetp<_Ty>(_Ux *)' being compiled
                 with
                 [
                     _Ty=CLight
         ,            _Ux=CLight
                 ]
         IGameTransition.cpp
     1>d:\hobby\indie2dengine\indie2dengine-core\sources\IResource.h(53): warning C4800: 'int' : forcing value to bool 'true' or 'false' (performance warning)
     1>d:\hobby\indie2dengine\indie2dengine-core\sources\IResource.h(58): warning C4800: 'int' : forcing value to bool 'true' or 'false' (performance warning)
     1>d:\hobby\indie2dengine\indie2dengine-core\sources\ITemplate.h(15): warning C4099: 'ITemplate' : type name first seen using 'class' now seen using 'struct'
                 d:\hobby\indie2dengine\indie2dengine-core\sources\ITemplateLoadingHandler.h(14) : see declaration of 'ITemplate'
     1>C:\Program Files (x86)\Microsoft Visual Studio 11.0\VC\include\memory(713): warning C4150: deletion of pointer to incomplete type 'IScene'; no destructor called
                 d:\hobby\indie2dengine\indie2dengine-core\sources\IGameTransition.h(22) : see declaration of 'IScene'
                 C:\Program Files (x86)\Microsoft Visual Studio 11.0\VC\include\memory(501) : see reference to function template instantiation 'void std::shared_ptr<IScene>::_Resetp<_Ty>(_Ux *)' being compiled
                 with
                 [
                     _Ty=IScene
         ,            _Ux=IScene
                 ]
                 C:\Program Files (x86)\Microsoft Visual Studio 11.0\VC\include\memory(501) : see reference to function template instantiation 'void std::shared_ptr<IScene>::_Resetp<_Ty>(_Ux *)' being compiled
                 with
                 [
                     _Ty=IScene
         ,            _Ux=IScene
                 ]
                 C:\Program Files (x86)\Microsoft Visual Studio 11.0\VC\include\memory(499) : while compiling class template member function 'std::shared_ptr<IScene>::shared_ptr(std::nullptr_t)'
                 ..\..\..\indie2dEngine-Core\Sources\IGameTransition.cpp(33) : see reference to function template instantiation 'std::shared_ptr<IScene>::shared_ptr(std::nullptr_t)' being compiled
                 d:\hobby\indie2dengine\indie2dengine-core\sources\IGameTransition.h(37) : see reference to class template instantiation 'std::shared_ptr<IScene>' being compiled
     1>C:\Program Files (x86)\Microsoft Visual Studio 11.0\VC\include\memory(161): warning C4150: deletion of pointer to incomplete type 'IScene'; no destructor called
                 d:\hobby\indie2dengine\indie2dengine-core\sources\IGameTransition.h(22) : see declaration of 'IScene'
                 C:\Program Files (x86)\Microsoft Visual Studio 11.0\VC\include\memory(160) : while compiling class template member function 'void std::_Ref_count<_Ux>::_Destroy(void)'
                 with
                 [
                     _Ux=IScene
                 ]
                 C:\Program Files (x86)\Microsoft Visual Studio 11.0\VC\include\memory(711) : see reference to class template instantiation 'std::_Ref_count<_Ux>' being compiled
                 with
                 [
                     _Ux=IScene
                 ]
                 C:\Program Files (x86)\Microsoft Visual Studio 11.0\VC\include\memory(501) : see reference to function template instantiation 'void std::shared_ptr<IScene>::_Resetp<_Ty>(_Ux *)' being compiled
                 with
                 [
                     _Ty=IScene
         ,            _Ux=IScene
                 ]
                 C:\Program Files (x86)\Microsoft Visual Studio 11.0\VC\include\memory(501) : see reference to function template instantiation 'void std::shared_ptr<IScene>::_Resetp<_Ty>(_Ux *)' being compiled
                 with
                 [
                     _Ty=IScene
         ,            _Ux=IScene
                 ]
         IGameWorkflow.cpp
         IGraphicsContext.cpp
         IInputTapRecognizerHandler.cpp
         IRenderHandler.cpp
     1>C:\Program Files (x86)\Microsoft Visual Studio 11.0\VC\include\xrefwrap(431): warning C4800: 'i32' : forcing value to bool 'true' or 'false' (performance warning)
                 C:\Program Files (x86)\Microsoft Visual Studio 11.0\VC\include\functional(239) : see reference to function template instantiation '_Ret std::_Callable_obj<std::function<i32 (void)>,false>::_ApplyX<_Rx>(void)' being compiled
                 with
                 [
                     _Ret=bool
         ,            _Rx=bool
                 ]
                 C:\Program Files (x86)\Microsoft Visual Studio 11.0\VC\include\functional(239) : see reference to function template instantiation '_Ret std::_Callable_obj<std::function<i32 (void)>,false>::_ApplyX<_Rx>(void)' being compiled
                 with
                 [
                     _Ret=bool
         ,            _Rx=bool
                 ]
                 C:\Program Files (x86)\Microsoft Visual Studio 11.0\VC\include\functional(239) : while compiling class template member function 'bool std::_Func_impl<_MyWrapper,_Alloc,_Ret,std::_Nil,std::_Nil,std::_Nil,std::_Nil,std::_Nil,std::_Nil,std::_Nil>::_Do_call(void)'
                 with
                 [
                     _Alloc=std::allocator<std::_Func_class<bool,std::_Nil,std::_Nil,std::_Nil,std::_Nil,std::_Nil,std::_Nil,std::_Nil>>
         ,            _Ret=bool
                 ]
                 C:\Program Files (x86)\Microsoft Visual Studio 11.0\VC\include\functional(514) : see reference to class template instantiation 'std::_Func_impl<_MyWrapper,_Alloc,_Ret,std::_Nil,std::_Nil,std::_Nil,std::_Nil,std::_Nil,std::_Nil,std::_Nil>' being compiled
                 with
                 [
                     _Alloc=std::allocator<std::_Func_class<bool,std::_Nil,std::_Nil,std::_Nil,std::_Nil,std::_Nil,std::_Nil,std::_Nil>>
         ,            _Ret=bool
                 ]
                 C:\Program Files (x86)\Microsoft Visual Studio 11.0\VC\include\functional(514) : see reference to function template instantiation 'void std::_Func_class<_Ret,std::_Nil,std::_Nil,std::_Nil,std::_Nil,std::_Nil,std::_Nil,std::_Nil>::_Do_alloc<_Myimpl,const CRenderCommands::__RENDER_QUEUE_POSITION_COMMAND&,_Alloc>(_Fty,_Alloc)' being compiled
                 with
                 [
                     _Ret=bool
         ,            _Alloc=std::allocator<std::_Func_class<bool,std::_Nil,std::_Nil,std::_Nil,std::_Nil,std::_Nil,std::_Nil,std::_Nil>>
         ,            _Fty=const CRenderCommands::__RENDER_QUEUE_POSITION_COMMAND &
                 ]
                 C:\Program Files (x86)\Microsoft Visual Studio 11.0\VC\include\functional(514) : see reference to function template instantiation 'void std::_Func_class<_Ret,std::_Nil,std::_Nil,std::_Nil,std::_Nil,std::_Nil,std::_Nil,std::_Nil>::_Do_alloc<_Myimpl,const CRenderCommands::__RENDER_QUEUE_POSITION_COMMAND&,_Alloc>(_Fty,_Alloc)' being compiled
                 with
                 [
                     _Ret=bool
         ,            _Alloc=std::allocator<std::_Func_class<bool,std::_Nil,std::_Nil,std::_Nil,std::_Nil,std::_Nil,std::_Nil,std::_Nil>>
         ,            _Fty=const CRenderCommands::__RENDER_QUEUE_POSITION_COMMAND &
                 ]
                 C:\Program Files (x86)\Microsoft Visual Studio 11.0\VC\include\functional(514) : see reference to function template instantiation 'void std::_Func_class<_Ret,std::_Nil,std::_Nil,std::_Nil,std::_Nil,std::_Nil,std::_Nil,std::_Nil>::_Reset_alloc<const CRenderCommands::__RENDER_QUEUE_POSITION_COMMAND&,std::allocator<std::_Func_class<_Ret,std::_Nil,std::_Nil,std::_Nil,std::_Nil,std::_Nil,std::_Nil,std::_Nil>>>(_Fty,_Alloc)' being compiled
                 with
                 [
                     _Ret=bool
         ,            _Fty=const CRenderCommands::__RENDER_QUEUE_POSITION_COMMAND &
         ,            _Alloc=std::allocator<std::_Func_class<bool,std::_Nil,std::_Nil,std::_Nil,std::_Nil,std::_Nil,std::_Nil,std::_Nil>>
                 ]
                 C:\Program Files (x86)\Microsoft Visual Studio 11.0\VC\include\functional(514) : see reference to function template instantiation 'void std::_Func_class<_Ret,std::_Nil,std::_Nil,std::_Nil,std::_Nil,std::_Nil,std::_Nil,std::_Nil>::_Reset_alloc<const CRenderCommands::__RENDER_QUEUE_POSITION_COMMAND&,std::allocator<std::_Func_class<_Ret,std::_Nil,std::_Nil,std::_Nil,std::_Nil,std::_Nil,std::_Nil,std::_Nil>>>(_Fty,_Alloc)' being compiled
                 with
                 [
                     _Ret=bool
         ,            _Fty=const CRenderCommands::__RENDER_QUEUE_POSITION_COMMAND &
         ,            _Alloc=std::allocator<std::_Func_class<bool,std::_Nil,std::_Nil,std::_Nil,std::_Nil,std::_Nil,std::_Nil,std::_Nil>>
                 ]
                 C:\Program Files (x86)\Microsoft Visual Studio 11.0\VC\include\functional(692) : see reference to function template instantiation 'void std::_Func_class<_Ret,std::_Nil,std::_Nil,std::_Nil,std::_Nil,std::_Nil,std::_Nil,std::_Nil>::_Reset<const CRenderCommands::__RENDER_QUEUE_POSITION_COMMAND&>(_Fty)' being compiled
                 with
                 [
                     _Ret=bool
         ,            _Fty=const CRenderCommands::__RENDER_QUEUE_POSITION_COMMAND &
                 ]
                 C:\Program Files (x86)\Microsoft Visual Studio 11.0\VC\include\functional(692) : see reference to function template instantiation 'void std::_Func_class<_Ret,std::_Nil,std::_Nil,std::_Nil,std::_Nil,std::_Nil,std::_Nil,std::_Nil>::_Reset<const CRenderCommands::__RENDER_QUEUE_POSITION_COMMAND&>(_Fty)' being compiled
                 with
                 [
                     _Ret=bool
         ,            _Fty=const CRenderCommands::__RENDER_QUEUE_POSITION_COMMAND &
                 ]
                 ..\..\..\indie2dEngine-Core\Sources\IRenderHandler.cpp(45) : see reference to function template instantiation 'std::function<bool (void)> &std::function<bool (void)>::operator =<const CRenderCommands::__RENDER_QUEUE_POSITION_COMMAND&>(_Fx)' being compiled
                 with
                 [
                     _Fx=const CRenderCommands::__RENDER_QUEUE_POSITION_COMMAND &
                 ]
                 ..\..\..\indie2dEngine-Core\Sources\IRenderHandler.cpp(45) : see reference to function template instantiation 'std::function<bool (void)> &std::function<bool (void)>::operator =<const CRenderCommands::__RENDER_QUEUE_POSITION_COMMAND&>(_Fx)' being compiled
                 with
                 [
                     _Fx=const CRenderCommands::__RENDER_QUEUE_POSITION_COMMAND &
                 ]
         IResource.cpp
     1>d:\hobby\indie2dengine\indie2dengine-core\sources\IResource.h(53): warning C4800: 'int' : forcing value to bool 'true' or 'false' (performance warning)
     1>d:\hobby\indie2dengine\indie2dengine-core\sources\IResource.h(58): warning C4800: 'int' : forcing value to bool 'true' or 'false' (performance warning)
         IResourceCommiter.cpp
         IResourceLoader.cpp
     1>d:\hobby\indie2dengine\indie2dengine-core\sources\IResource.h(53): warning C4800: 'int' : forcing value to bool 'true' or 'false' (performance warning)
     1>d:\hobby\indie2dengine\indie2dengine-core\sources\IResource.h(58): warning C4800: 'int' : forcing value to bool 'true' or 'false' (performance warning)
         Compiling...
         IResourceLoadingHandler.cpp
         IResourceLoadingOperation.cpp
     1>C:\Program Files (x86)\Microsoft Visual Studio 11.0\VC\include\memory(713): warning C4150: deletion of pointer to incomplete type 'IResourceSerializer'; no destructor called
                 d:\hobby\indie2dengine\indie2dengine-core\sources\IResourceLoadingOperation.h(15) : see declaration of 'IResourceSerializer'
                 C:\Program Files (x86)\Microsoft Visual Studio 11.0\VC\include\memory(501) : see reference to function template instantiation 'void std::shared_ptr<IResourceSerializer>::_Resetp<_Ty>(_Ux *)' being compiled
                 with
                 [
                     _Ty=IResourceSerializer
         ,            _Ux=IResourceSerializer
                 ]
                 C:\Program Files (x86)\Microsoft Visual Studio 11.0\VC\include\memory(501) : see reference to function template instantiation 'void std::shared_ptr<IResourceSerializer>::_Resetp<_Ty>(_Ux *)' being compiled
                 with
                 [
                     _Ty=IResourceSerializer
         ,            _Ux=IResourceSerializer
                 ]
                 C:\Program Files (x86)\Microsoft Visual Studio 11.0\VC\include\memory(499) : while compiling class template member function 'std::shared_ptr<IResourceSerializer>::shared_ptr(std::nullptr_t)'
                 ..\..\..\indie2dEngine-Core\Sources\IResourceLoadingOperation.cpp(17) : see reference to function template instantiation 'std::shared_ptr<IResourceSerializer>::shared_ptr(std::nullptr_t)' being compiled
                 d:\hobby\indie2dengine\indie2dengine-core\sources\IResourceLoadingOperation.h(25) : see reference to class template instantiation 'std::shared_ptr<IResourceSerializer>' being compiled
     1>C:\Program Files (x86)\Microsoft Visual Studio 11.0\VC\include\memory(713): warning C4150: deletion of pointer to incomplete type 'IResourceCommiter'; no destructor called
                 d:\hobby\indie2dengine\indie2dengine-core\sources\IResourceLoadingOperation.h(16) : see declaration of 'IResourceCommiter'
                 C:\Program Files (x86)\Microsoft Visual Studio 11.0\VC\include\memory(501) : see reference to function template instantiation 'void std::shared_ptr<IResourceCommiter>::_Resetp<_Ty>(_Ux *)' being compiled
                 with
                 [
                     _Ty=IResourceCommiter
         ,            _Ux=IResourceCommiter
                 ]
                 C:\Program Files (x86)\Microsoft Visual Studio 11.0\VC\include\memory(501) : see reference to function template instantiation 'void std::shared_ptr<IResourceCommiter>::_Resetp<_Ty>(_Ux *)' being compiled
                 with
                 [
                     _Ty=IResourceCommiter
         ,            _Ux=IResourceCommiter
                 ]
                 C:\Program Files (x86)\Microsoft Visual Studio 11.0\VC\include\memory(499) : while compiling class template member function 'std::shared_ptr<IResourceCommiter>::shared_ptr(std::nullptr_t)'
                 ..\..\..\indie2dEngine-Core\Sources\IResourceLoadingOperation.cpp(17) : see reference to function template instantiation 'std::shared_ptr<IResourceCommiter>::shared_ptr(std::nullptr_t)' being compiled
                 d:\hobby\indie2dengine\indie2dengine-core\sources\IResourceLoadingOperation.h(26) : see reference to class template instantiation 'std::shared_ptr<IResourceCommiter>' being compiled
     1>C:\Program Files (x86)\Microsoft Visual Studio 11.0\VC\include\memory(161): warning C4150: deletion of pointer to incomplete type 'IResourceSerializer'; no destructor called
                 d:\hobby\indie2dengine\indie2dengine-core\sources\IResourceLoadingOperation.h(15) : see declaration of 'IResourceSerializer'
                 C:\Program Files (x86)\Microsoft Visual Studio 11.0\VC\include\memory(160) : while compiling class template member function 'void std::_Ref_count<_Ux>::_Destroy(void)'
                 with
                 [
                     _Ux=IResourceSerializer
                 ]
                 C:\Program Files (x86)\Microsoft Visual Studio 11.0\VC\include\memory(711) : see reference to class template instantiation 'std::_Ref_count<_Ux>' being compiled
                 with
                 [
                     _Ux=IResourceSerializer
                 ]
                 C:\Program Files (x86)\Microsoft Visual Studio 11.0\VC\include\memory(501) : see reference to function template instantiation 'void std::shared_ptr<IResourceSerializer>::_Resetp<_Ty>(_Ux *)' being compiled
                 with
                 [
                     _Ty=IResourceSerializer
         ,            _Ux=IResourceSerializer
                 ]
                 C:\Program Files (x86)\Microsoft Visual Studio 11.0\VC\include\memory(501) : see reference to function template instantiation 'void std::shared_ptr<IResourceSerializer>::_Resetp<_Ty>(_Ux *)' being compiled
                 with
                 [
                     _Ty=IResourceSerializer
         ,            _Ux=IResourceSerializer
                 ]
     1>C:\Program Files (x86)\Microsoft Visual Studio 11.0\VC\include\memory(161): warning C4150: deletion of pointer to incomplete type 'IResourceCommiter'; no destructor called
                 d:\hobby\indie2dengine\indie2dengine-core\sources\IResourceLoadingOperation.h(16) : see declaration of 'IResourceCommiter'
                 C:\Program Files (x86)\Microsoft Visual Studio 11.0\VC\include\memory(160) : while compiling class template member function 'void std::_Ref_count<_Ux>::_Destroy(void)'
                 with
                 [
                     _Ux=IResourceCommiter
                 ]
                 C:\Program Files (x86)\Microsoft Visual Studio 11.0\VC\include\memory(711) : see reference to class template instantiation 'std::_Ref_count<_Ux>' being compiled
                 with
                 [
                     _Ux=IResourceCommiter
                 ]
                 C:\Program Files (x86)\Microsoft Visual Studio 11.0\VC\include\memory(501) : see reference to function template instantiation 'void std::shared_ptr<IResourceCommiter>::_Resetp<_Ty>(_Ux *)' being compiled
                 with
                 [
                     _Ty=IResourceCommiter
         ,            _Ux=IResourceCommiter
                 ]
                 C:\Program Files (x86)\Microsoft Visual Studio 11.0\VC\include\memory(501) : see reference to function template instantiation 'void std::shared_ptr<IResourceCommiter>::_Resetp<_Ty>(_Ux *)' being compiled
                 with
                 [
                     _Ty=IResourceCommiter
         ,            _Ux=IResourceCommiter
                 ]
         IResourceSerializer.cpp
         IScene.cpp
         ISceneUpdateHandler.cpp
         ITemplate.cpp
         ITemplateLoader.cpp
         ITemplateLoadingHandler.cpp
         ITemplateLoadingOperation.cpp
         ITemplateSerializer.cpp
         CCharacterController.cpp
         CGameViewController_win32.cpp
         CKOTHInGameScene.cpp
         CKOTHInGameTransition.cpp
         CKOTHWorkflow.cpp
         CNavigator.cpp
         IMoveControllerHandler.cpp
         Win32-Main.cpp
       Link:
         C:\Program Files (x86)\Microsoft Visual Studio 11.0\VC\bin\link.exe /ERRORREPORT:PROMPT /OUT:"D:\Hobby\indie2dEngine\indieEngine.win32\indieEngine\Release\indieEngine.exe" /NOLOGO /LIBPATH:"D:\Hobby\indie2dEngine\indie2dEngine-Core\Libraries\ogles2\windows_x86_32\lib" /LIBPATH:"D:\Hobby\indie2dEngine\indie2dEngine-Core\Libraries\ogles2\windows_x86_64\lib" /LIBPATH:"D:\Hobby\indie2dEngine\indie2dEngine-Core\Libraries\pvrtextool\windows_x86_32\Static" /LIBPATH:"D:\Hobby\indie2dEngine\indie2dEngine-Core\Libraries\pvrtextool\windows_x86_64\Static" libEGL.lib libGLESv2.lib PVRTexLib.lib kernel32.lib user32.lib gdi32.lib winspool.lib comdlg32.lib advapi32.lib shell32.lib ole32.lib oleaut32.lib uuid.lib odbc32.lib odbccp32.lib /MANIFEST /MANIFESTUAC:"level='asInvoker' uiAccess='false'" /manifest:embed /DEBUG /PDB:"D:\Hobby\indie2dEngine\indieEngine.win32\indieEngine\Release\indieEngine.pdb" /OPT:REF /OPT:ICF /LTCG /TLBID:1 /DYNAMICBASE /NXCOMPAT /IMPLIB:"D:\Hobby\indie2dEngine\indieEngine.win32\indieEngine\Release\indieEngine.lib" /MACHINE:X86 /SAFESEH "/fe:C:\Program Files (x86)\Microsoft Visual C++ Compiler Nov 2012 CTP\\bin\c1xx.dll"  Release\gcdppImpl.obj
         Release\gcdppMainQueue_t.obj
         Release\gcdppQueue_i.obj
         Release\gcdppQueue_t.obj
         Release\gcdppTask_i.obj
         Release\gcdppTask_t.obj
         Release\pugixml.obj
         Release\CAABoundBox.obj
         Release\CAnimationMixer.obj
         Release\CBatch.obj
         Release\CBatchingMgr.obj
         Release\CBillboard.obj
         Release\CBone.obj
         Release\CCamera.obj
         Release\CCollisionMgr.obj
         Release\CCommonOS_win32.obj
         Release\CFPSCounter.obj
         Release\CFrustum.obj
         Release\CGameLoopExecutor_Win32.obj
         Release\CGameTransitionTemplateLoader.obj
         Release\CGameTransitionTemplateLoadingOperation.obj
         Release\CGameTransitionTemplateSerializer.obj
         Release\CGraphicsContext_win32.obj
         Release\CIndexBuffer.obj
         Release\CInputContext_Win32.obj
         Release\CLight.obj
         Release\CMaterial.obj
         Release\CMaterialTemplateLoadingOperation.obj
         Release\CMaterialTemplateSerializer.obj
         Release\CMesh.obj
         Release\CMeshCommiter_MDL.obj
         Release\CMeshLoader.obj
         Release\CMeshLoadingOperation.obj
         Release\CMeshSerializer_MDL.obj
         Release\CModel.obj
         Release\CModelTemplateLoader.obj
         Release\CModelTemplateLoadingOperation.obj
         Release\CModelTemplateSerializer.obj
         Release\COcean.obj
         Release\COceanTemplateLoader.obj
         Release\COceanTemplateLoadingOperation.obj
         Release\COceanTemplateSerializer.obj
         Release\COGLWindow_win32.obj
         Release\COutputRenderOperationTemplateLoadingOperation.obj
         Release\COutputRenderOperationTemplateSerializer.obj
         Release\CParticleEmitter.obj
         Release\CParticleEmitterLoadingOperation.obj
         Release\CParticleEmitterTemplateLoader.obj
         Release\CParticleEmitterTemplateSerializer.obj
         Release\CRenderMgr.obj
         Release\CRenderOperationOutput.obj
         Release\CRenderOperationScreenSpace.obj
         Release\CRenderOperationWorldSpace.obj
         Release\CResourceAccessor.obj
         Release\CSceneFabricator.obj
         Release\CSceneGraph.obj
         Release\CSceneUpdateMgr.obj
         Release\CScreenSpaceRenderOperationTemplateLoadingOperation.obj
         Release\CScreenSpaceRenderOperationTemplateSerializer.obj
         Release\CSequence.obj
         Release\CSequenceCommiter_SEQ.obj
         Release\CSequenceLoader.obj
         Release\CSequenceLoadingOperation.obj
         Release\CSequenceSerializer_SEQ.obj
         Release\CShader.obj
         Release\CShaderCommiter_GLSL.obj
         Release\CShaderLoader.obj
         Release\CShaderLoadingOperation.obj
         Release\CShaderSerializer_GLSL.obj
         Release\CShape.obj
         Release\CSkeleton.obj
         Release\CSkeletonCommiter_SK.obj
         Release\CSkeletonLoader.obj
         Release\CSkeletonLoadingOperation.obj
         Release\CSkeletonSerializer_SK.obj
         Release\CSprite.obj
         Release\CTemplateAccessor.obj
         Release\CTexture.obj
         Release\CTextureCommiter_PVR.obj
         Release\CTextureLoader.obj
         Release\CTextureLoadingOperation.obj
         Release\CTextureSerializer_PVR.obj
         Release\CTimer.obj
         Release\CVertexBuffer.obj
         Release\CWorldSpaceRenderOperationTemplateLoadingOperation.obj
         Release\CWorldSpaceRenderOperationTemplateSerializer.obj
         Release\ICollisionHandler.obj
         Release\IGameLoopHandler.obj
         Release\IGameObject.obj
         Release\IGameTransition.obj
         Release\IGameWorkflow.obj
         Release\IGraphicsContext.obj
         Release\IGUIControl.obj
         Release\IInputTapRecognizerHandler.obj
         Release\IRenderHandler.obj
         Release\IResource.obj
         Release\IResourceCommiter.obj
         Release\IResourceLoader.obj
         Release\IResourceLoadingHandler.obj
         Release\IResourceLoadingOperation.obj
         Release\IResourceSerializer.obj
         Release\IScene.obj
         Release\ISceneUpdateHandler.obj
         Release\ITemplate.obj
         Release\ITemplateLoader.obj
         Release\ITemplateLoadingHandler.obj
         Release\ITemplateLoadingOperation.obj
         Release\ITemplateSerializer.obj
         Release\CCharacterController.obj
         Release\CGameViewController_win32.obj
         Release\CKOTHInGameScene.obj
         Release\CKOTHInGameTransition.obj
         Release\CKOTHWorkflow.obj
         Release\CNavigator.obj
         Release\IMoveControllerHandler.obj
         "Release\Win32-Main.obj"
         Generating code
         Finished generating code
         indieEngine.vcxproj -> D:\Hobby\indie2dEngine\indieEngine.win32\indieEngine\Release\indieEngine.exe
     1>Done Building Project "D:\Hobby\indie2dEngine\indieEngine.win32\indieEngine\indieEngine\indieEngine.vcxproj" (Build target(s)).

Build succeeded.

Time Elapsed 00:03:51.38
